\BOOKMARK [0][-]{chapter*.5}{Tabellenverzeichnis}{}% 1
\BOOKMARK [0][-]{chapter*.6}{Abbildungsverzeichnis}{}% 2
\BOOKMARK [0][-]{chapter.1}{1 Einf\374hrung}{}% 3
\BOOKMARK [0][-]{chapter.2}{2 Aufgabenstellung}{}% 4
\BOOKMARK [0][-]{chapter.3}{3 Bahnplanung}{}% 5
\BOOKMARK [1][-]{section.3.1}{3.1 Lokalisierung}{chapter.3}% 6
\BOOKMARK [1][-]{section.3.2}{3.2 Kartenerstellung}{chapter.3}% 7
\BOOKMARK [1][-]{section.3.3}{3.3 Trajektoriengenergierung}{chapter.3}% 8
\BOOKMARK [2][-]{subsection.3.3.1}{3.3.1 Globale Bahnplanung}{section.3.3}% 9
\BOOKMARK [2][-]{subsection.3.3.2}{3.3.2 Lokale Bahnplanung}{section.3.3}% 10
\BOOKMARK [1][-]{section.3.4}{3.4 Ausgew\344hltes Konzept}{chapter.3}% 11
\BOOKMARK [2][-]{subsection.3.4.1}{3.4.1 Gesamtkonzept}{section.3.4}% 12
\BOOKMARK [0][-]{chapter.4}{4 Konzept}{}% 13
\BOOKMARK [1][-]{section.4.1}{4.1 Potentialfeld zur Bahngenerierung und Kollisionsvermeidung}{chapter.4}% 14
\BOOKMARK [2][-]{subsection.4.1.1}{4.1.1 Roboter Umwelt}{section.4.1}% 15
\BOOKMARK [2][-]{subsection.4.1.2}{4.1.2 Robotino,Sationen und IR-Hindernisse}{section.4.1}% 16
\BOOKMARK [2][-]{subsection.4.1.3}{4.1.3 Ziel}{section.4.1}% 17
\BOOKMARK [1][-]{section.4.2}{4.2 Kollisionsvermeidung durch kritische Bereiche}{chapter.4}% 18
\BOOKMARK [2][-]{subsection.4.2.1}{4.2.1 Selbstorganisation durch Wartebereiche}{section.4.2}% 19
\BOOKMARK [2][-]{subsection.4.2.2}{4.2.2 Bekannte Hindernisse}{section.4.2}% 20
\BOOKMARK [2][-]{subsection.4.2.3}{4.2.3 Unbekannte Hindernisse}{section.4.2}% 21
\BOOKMARK [1][-]{section.4.3}{4.3 Schnittstellen}{chapter.4}% 22
\BOOKMARK [2][-]{subsection.4.3.1}{4.3.1 Bahnregelung}{section.4.3}% 23
\BOOKMARK [2][-]{subsection.4.3.2}{4.3.2 Fertigungsplanung}{section.4.3}% 24
\BOOKMARK [2][-]{subsection.4.3.3}{4.3.3 Fehlererkennung}{section.4.3}% 25
\BOOKMARK [0][-]{chapter.5}{5 Simulation und Testplanung}{}% 26
\BOOKMARK [1][-]{section.5.1}{5.1 Simulation des Ausweichman\366vers}{chapter.5}% 27
\BOOKMARK [1][-]{section.5.2}{5.2 Simulation Wartebereiche}{chapter.5}% 28
\BOOKMARK [0][-]{chapter.6}{6 Implementierung und Zielsysteme}{}% 29
\BOOKMARK [1][-]{section.6.1}{6.1 Potentialfeld}{chapter.6}% 30
\BOOKMARK [1][-]{section.6.2}{6.2 Selbstorganisation durch Wartebereiche}{chapter.6}% 31
\BOOKMARK [1][-]{section.6.3}{6.3 Bekannte Hindernisse}{chapter.6}% 32
\BOOKMARK [1][-]{section.6.4}{6.4 Unbekannte Hindernisse}{chapter.6}% 33
\BOOKMARK [1][-]{section.6.5}{6.5 Geschwindigkeit bestimmen}{chapter.6}% 34
\BOOKMARK [2][-]{subsection.6.5.1}{6.5.1 IR Daten erfassen}{section.6.5}% 35
\BOOKMARK [2][-]{subsection.6.5.2}{6.5.2 Fahrende Robotinos erkennen}{section.6.5}% 36
\BOOKMARK [2][-]{subsection.6.5.3}{6.5.3 Geschwindigkeitsvektor bestimmen}{section.6.5}% 37
\BOOKMARK [2][-]{subsection.6.5.4}{6.5.4 Ausweichrichtung bestimmen}{section.6.5}% 38
\BOOKMARK [2][-]{subsection.6.5.5}{6.5.5 Ausweichman\366ver addieren}{section.6.5}% 39
\BOOKMARK [0][-]{chapter.7}{7 Robotino 2.0}{}% 40
\BOOKMARK [0][-]{chapter.8}{8 Validierung}{}% 41
