This is pdfTeX, Version 3.14159265-2.6-1.40.16 (MiKTeX 2.9 64-bit) (preloaded format=pdflatex 2016.3.13)  3 JUN 2018 15:44
entering extended mode
**C:/Users/Robin/Documents/GitHub/VPJ-Gewerk-2/Vorlage_Latex/thesis3.tex
(C:/Users/Robin/Documents/GitHub/VPJ-Gewerk-2/Vorlage_Latex/thesis3.tex
LaTeX2e <2015/10/01> patch level 2
Babel <3.9n> and hyphenation patterns for 69 languages loaded.
(einstellungen/grundeinstellungen.tex
("C:\Program Files\MiKTeX 2.9\tex\latex\koma-script\scrreprt.cls"
Document Class: scrreprt 2015/10/03 v3.19a KOMA-Script document class (report)
("C:\Program Files\MiKTeX 2.9\tex\latex\koma-script\scrkbase.sty"
Package: scrkbase 2015/10/03 v3.19a KOMA-Script package (KOMA-Script-dependent 
basics and keyval usage)

("C:\Program Files\MiKTeX 2.9\tex\latex\koma-script\scrbase.sty"
Package: scrbase 2015/10/03 v3.19a KOMA-Script package (KOMA-Script-independent
 basics and keyval usage)

("C:\Program Files\MiKTeX 2.9\tex\latex\graphics\keyval.sty"
Package: keyval 2014/10/28 v1.15 key=value parser (DPC)
\KV@toks@=\toks14
)
("C:\Program Files\MiKTeX 2.9\tex\latex\koma-script\scrlfile.sty"
Package: scrlfile 2015/10/03 v3.19a KOMA-Script package (loading files)

Package scrlfile, 2015/10/03 v3.19a KOMA-Script package (loading files)
                  Copyright (C) Markus Kohm

))) ("C:\Program Files\MiKTeX 2.9\tex\latex\koma-script\tocbasic.sty"
Package: tocbasic 2015/10/03 v3.19a KOMA-Script package (handling toc-files)
)
Package tocbasic Info: omitting babel extension for `toc'
(tocbasic)             because of feature `nobabel' available
(tocbasic)             for `toc' on input line 125.
Package tocbasic Info: omitting babel extension for `lof'
(tocbasic)             because of feature `nobabel' available
(tocbasic)             for `lof' on input line 126.
Package tocbasic Info: omitting babel extension for `lot'
(tocbasic)             because of feature `nobabel' available
(tocbasic)             for `lot' on input line 127.
Package tocbasic Info: defining new hook before heading of `' on input line 158
8.
Class scrreprt Info: You've used standard option `oneside'.
(scrreprt)           This is correct!
(scrreprt)           Internally I'm using `twoside=false'.
(scrreprt)           If you'd like to set the option with \KOMAoptions,
(scrreprt)           you'd have to use `twoside=false' there
(scrreprt)           instead of `oneside', too.
Package scrreprt Info: You've used standard option `12pt'.
(scrreprt)             This is correct!
(scrreprt)             Internally I'm using `fontsize=12pt'.
(scrreprt)             If you'd like to set the option with \KOMAoptions,
(scrreprt)             you'd have to use `fontsize=12pt' there
(scrreprt)             instead of `12pt', too.


Class scrreprt Warning: You've used obsolete option `halfparskip'.
(scrreprt)              Usage of this option indicates an old document
(scrreprt)              and changes compatibility level using
(scrreprt)              `parskip=half,version=first'.
(scrreprt)              If you don't want this, you should simply
(scrreprt)              replace option `halfparskip' by `parskip=half'.

Class scrreprt Info: Switching compatibility level to `first'.
Class scrreprt Info: You've used standard option `abstracton'.
(scrreprt)           This is correct!
(scrreprt)           Internally I'm using `abstract=true'.
(scrreprt)           If you'd like to set the option with \KOMAoptions,
(scrreprt)           you'd have to use `abstract=true' there
(scrreprt)           instead of `abstracton', too.
Class scrreprt Info: You've used standard option `final'.
(scrreprt)           This is correct!
(scrreprt)           Internally I'm using `draft=false'.
(scrreprt)           If you'd like to set the option with \KOMAoptions,
(scrreprt)           you'd have to use `draft=false' there
(scrreprt)           instead of `final', too.

Class scrreprt Warning: You've used obsolete option `liststotoc'.
(scrreprt)              Usage of this option indicates an old document
(scrreprt)              and changes compatibility level using
(scrreprt)              `listof=totoc,version=first'.
(scrreprt)              If you don't want this, you should simply
(scrreprt)              replace option `liststotoc' by `listof=totoc'.

Class scrreprt Info: Switching compatibility level to `first'.

Class scrreprt Warning: You've used obsolete option `idxtotoc'.
(scrreprt)              Usage of this option indicates an old document
(scrreprt)              and changes compatibility level using
(scrreprt)              `index=totoc,version=first'.
(scrreprt)              If you don't want this, you should simply
(scrreprt)              replace option `idxtotoc' by `index=totoc'.

Class scrreprt Info: Switching compatibility level to `first'.

Class scrreprt Warning: You've used obsolete option `bibtotoc'.
(scrreprt)              Usage of this option indicates an old document
(scrreprt)              and changes compatibility level using
(scrreprt)              `bibliography=totoc,version=first'.
(scrreprt)              If you don't want this, you should simply
(scrreprt)              replace option `bibtotoc' by `bibliography=totoc'.

Class scrreprt Info: Switching compatibility level to `first'.
Class scrreprt Info: File `scrsize12pt.clo' used to setup font sizes on input l
ine 2248.
("C:\Program Files\MiKTeX 2.9\tex\latex\koma-script\scrsize12pt.clo"
File: scrsize12pt.clo 2015/10/03 v3.19a KOMA-Script font size class option (12p
t)
)
("C:\Program Files\MiKTeX 2.9\tex\latex\koma-script\typearea.sty"
Package: typearea 2015/10/03 v3.19a KOMA-Script package (type area)

Package typearea, 2015/10/03 v3.19a KOMA-Script package (type area)
                  Copyright (C) Frank Neukam, 1992-1994
                  Copyright (C) Markus Kohm, 1994-

\ta@bcor=\skip41
\ta@div=\count79
Package typearea Info: You've used standard option `a4paper'.
(typearea)             This is correct!
(typearea)             Internally I'm using `paper=a4'.
(typearea)             If you'd like to set the option with \KOMAoptions,
(typearea)             you'd have to use `paper=a4' there
(typearea)             instead of `a4paper', too.
Package typearea Info: You've used standard option `oneside'.
(typearea)             This is correct!
(typearea)             Internally I'm using `twoside=false'.
(typearea)             If you'd like to set the option with \KOMAoptions,
(typearea)             you'd have to use `twoside=false' there
(typearea)             instead of `oneside', too.
\ta@hblk=\skip42
\ta@vblk=\skip43
\ta@temp=\skip44
\footheight=\skip45
Package typearea Info: These are the values describing the layout:
(typearea)             DIV  = 12
(typearea)             BCOR = 14.22636pt
(typearea)             \paperwidth      = 597.50793pt
(typearea)              \textwidth      = 437.46118pt
(typearea)              DIV departure   = -3%
(typearea)              \evensidemargin = 14.86656pt
(typearea)              \oddsidemargin  = 14.86656pt
(typearea)             \paperheight     = 845.04694pt
(typearea)              \textheight     = 606.5pt
(typearea)              \topmargin      = -1.84941pt
(typearea)              \headheight     = 18.125pt
(typearea)              \headsep        = 21.75pt
(typearea)              \topskip        = 12.0pt
(typearea)              \footskip       = 50.75pt
(typearea)              \baselineskip   = 14.5pt
(typearea)              on input line 1509.
)
\c@part=\count80
\c@chapter=\count81
\c@section=\count82
\c@subsection=\count83
\c@subsubsection=\count84
\c@paragraph=\count85
\c@subparagraph=\count86
LaTeX Info: Redefining \textsubscript on input line 4652.
\abovecaptionskip=\skip46
\belowcaptionskip=\skip47
\c@pti@nb@sid@b@x=\box26
\c@figure=\count87
\c@table=\count88
\bibindent=\dimen102
) ("C:\Program Files\MiKTeX 2.9\tex\generic\babel\babel.sty"
Package: babel 2016/01/08 3.9n The Babel package

*************************************
* Local config file bblopts.cfg used
*
("C:\Program Files\MiKTeX 2.9\tex\latex\00miktex\bblopts.cfg"
File: bblopts.cfg 2006/07/31 v1.0 MiKTeX 'babel' configuration
)
("C:\Program Files\MiKTeX 2.9\tex\latex\babel-english\english.ldf"
Language: english 2012/08/20 v3.3p English support from the babel system

("C:\Program Files\MiKTeX 2.9\tex\generic\babel\babel.def"
File: babel.def 2016/01/08 3.9n Babel common definitions
\babel@savecnt=\count89
\U@D=\dimen103
)
\l@canadian = a dialect from \language\l@american 
\l@australian = a dialect from \language\l@british 
\l@newzealand = a dialect from \language\l@british 
)
("C:\Program Files\MiKTeX 2.9\tex\latex\babel-german\ngerman.ldf"
Language: ngerman 2013/12/13 v2.7 German support for babel (new orthography)

("C:\Program Files\MiKTeX 2.9\tex\latex\babel-german\ngermanb.ldf"
Language: ngermanb 2013/12/13 v2.7 German support for babel (new orthography)
\l@naustrian = a dialect from \language\l@ngerman 
\l@nswissgerman = a dialect from \language\l@ngerman 
Package babel Info: Making " an active character on input line 88.
)))
("C:\Program Files\MiKTeX 2.9\tex\latex\base\fontenc.sty"
Package: fontenc 2005/09/27 v1.99g Standard LaTeX package

("C:\Program Files\MiKTeX 2.9\tex\latex\base\t1enc.def"
File: t1enc.def 2005/09/27 v1.99g Standard LaTeX file
LaTeX Font Info:    Redeclaring font encoding T1 on input line 48.
))
("C:\Program Files\MiKTeX 2.9\tex\latex\base\inputenc.sty"
Package: inputenc 2015/03/17 v1.2c Input encoding file
\inpenc@prehook=\toks15
\inpenc@posthook=\toks16

("C:\Program Files\MiKTeX 2.9\tex\latex\base\latin1.def"
File: latin1.def 2015/03/17 v1.2c Input encoding file
))
("C:\Program Files\MiKTeX 2.9\tex\latex\psnfss\times.sty"
Package: times 2005/04/12 PSNFSS-v9.2a (SPQR) 
)
("C:\Program Files\MiKTeX 2.9\tex\latex\tools\array.sty"
Package: array 2014/10/28 v2.4c Tabular extension package (FMi)
\col@sep=\dimen104
\extrarowheight=\dimen105
\NC@list=\toks17
\extratabsurround=\skip48
\backup@length=\skip49
)
("C:\Program Files\MiKTeX 2.9\tex\latex\ms\ragged2e.sty"
Package: ragged2e 2009/05/21 v2.1 ragged2e Package (MS)

("C:\Program Files\MiKTeX 2.9\tex\latex\ms\everysel.sty"
Package: everysel 2011/10/28 v1.2 EverySelectfont Package (MS)
)
\CenteringLeftskip=\skip50
\RaggedLeftLeftskip=\skip51
\RaggedRightLeftskip=\skip52
\CenteringRightskip=\skip53
\RaggedLeftRightskip=\skip54
\RaggedRightRightskip=\skip55
\CenteringParfillskip=\skip56
\RaggedLeftParfillskip=\skip57
\RaggedRightParfillskip=\skip58
\JustifyingParfillskip=\skip59
\CenteringParindent=\skip60
\RaggedLeftParindent=\skip61
\RaggedRightParindent=\skip62
\JustifyingParindent=\skip63
)
("C:\Program Files\MiKTeX 2.9\tex\latex\cmbright\cmbright.sty"
Package: cmbright 2005/04/13 v8.1 (WaS)
LaTeX Font Info:    Redeclaring symbol font `operators' on input line 29.
LaTeX Font Info:    Overwriting symbol font `operators' in version `normal'
(Font)                  OT1/cmr/m/n --> OT1/cmbr/m/n on input line 29.
LaTeX Font Info:    Overwriting symbol font `operators' in version `bold'
(Font)                  OT1/cmr/bx/n --> OT1/cmbr/m/n on input line 29.
LaTeX Font Info:    Redeclaring symbol font `letters' on input line 30.
LaTeX Font Info:    Overwriting symbol font `letters' in version `normal'
(Font)                  OML/cmm/m/it --> OML/cmbrm/m/it on input line 30.
LaTeX Font Info:    Overwriting symbol font `letters' in version `bold'
(Font)                  OML/cmm/b/it --> OML/cmbrm/m/it on input line 30.
LaTeX Font Info:    Overwriting symbol font `letters' in version `bold'
(Font)                  OML/cmbrm/m/it --> OML/cmbrm/b/it on input line 31.
LaTeX Font Info:    Redeclaring symbol font `symbols' on input line 32.
LaTeX Font Info:    Overwriting symbol font `symbols' in version `normal'
(Font)                  OMS/cmsy/m/n --> OMS/cmbrs/m/n on input line 32.
LaTeX Font Info:    Overwriting symbol font `symbols' in version `bold'
(Font)                  OMS/cmsy/b/n --> OMS/cmbrs/m/n on input line 32.
LaTeX Font Info:    Redeclaring math alphabet \mathit on input line 33.
LaTeX Font Info:    Overwriting math alphabet `\mathit' in version `normal'
(Font)                  OT1/cmr/m/it --> OT1/cmbr/m/sl on input line 33.
LaTeX Font Info:    Overwriting math alphabet `\mathit' in version `bold'
(Font)                  OT1/cmr/bx/it --> OT1/cmbr/m/sl on input line 33.
LaTeX Font Info:    Redeclaring math alphabet \mathbf on input line 34.
LaTeX Font Info:    Overwriting math alphabet `\mathbf' in version `normal'
(Font)                  OT1/cmr/bx/n --> OT1/cmbr/bx/n on input line 34.
LaTeX Font Info:    Overwriting math alphabet `\mathbf' in version `bold'
(Font)                  OT1/cmr/bx/n --> OT1/cmbr/bx/n on input line 34.
LaTeX Font Info:    Redeclaring math alphabet \mathtt on input line 35.
LaTeX Font Info:    Overwriting math alphabet `\mathtt' in version `normal'
(Font)                  OT1/cmtt/m/n --> OT1/cmtl/m/n on input line 35.
LaTeX Font Info:    Overwriting math alphabet `\mathtt' in version `bold'
(Font)                  OT1/cmtt/m/n --> OT1/cmtl/m/n on input line 35.
LaTeX Font Info:    Redeclaring math symbol \alpha on input line 37.
LaTeX Font Info:    Redeclaring math symbol \beta on input line 38.
LaTeX Font Info:    Redeclaring math symbol \gamma on input line 39.
LaTeX Font Info:    Redeclaring math symbol \delta on input line 40.
LaTeX Font Info:    Redeclaring math symbol \epsilon on input line 41.
LaTeX Font Info:    Redeclaring math symbol \zeta on input line 42.
LaTeX Font Info:    Redeclaring math symbol \eta on input line 43.
LaTeX Font Info:    Redeclaring math symbol \theta on input line 44.
LaTeX Font Info:    Redeclaring math symbol \iota on input line 45.
LaTeX Font Info:    Redeclaring math symbol \kappa on input line 46.
LaTeX Font Info:    Redeclaring math symbol \lambda on input line 47.
LaTeX Font Info:    Redeclaring math symbol \mu on input line 48.
LaTeX Font Info:    Redeclaring math symbol \nu on input line 49.
LaTeX Font Info:    Redeclaring math symbol \xi on input line 50.
LaTeX Font Info:    Redeclaring math symbol \pi on input line 51.
LaTeX Font Info:    Redeclaring math symbol \rho on input line 52.
LaTeX Font Info:    Redeclaring math symbol \sigma on input line 53.
LaTeX Font Info:    Redeclaring math symbol \tau on input line 54.
LaTeX Font Info:    Redeclaring math symbol \upsilon on input line 55.
LaTeX Font Info:    Redeclaring math symbol \phi on input line 56.
LaTeX Font Info:    Redeclaring math symbol \chi on input line 57.
LaTeX Font Info:    Redeclaring math symbol \psi on input line 58.
LaTeX Font Info:    Redeclaring math symbol \omega on input line 59.
LaTeX Font Info:    Redeclaring math symbol \varepsilon on input line 60.
LaTeX Font Info:    Redeclaring math symbol \vartheta on input line 61.
LaTeX Font Info:    Redeclaring math symbol \varpi on input line 62.
LaTeX Font Info:    Redeclaring math symbol \varrho on input line 63.
LaTeX Font Info:    Redeclaring math symbol \varsigma on input line 64.
LaTeX Font Info:    Redeclaring math symbol \varphi on input line 65.
LaTeX Info: Redefining \LaTeX on input line 129.
LaTeX Info: Redefining \LaTeXe on input line 139.
LaTeX Font Info:    Try loading font information for T1+cmbr on input line 144.


("C:\Program Files\MiKTeX 2.9\tex\latex\cmbright\t1cmbr.fd"
File: t1cmbr.fd 2005/04/13 v8.1 (WaS)
))
("C:\Program Files\MiKTeX 2.9\tex\latex\psnfss\helvet.sty"
Package: helvet 2005/04/12 PSNFSS-v9.2a (WaS) 
)
("C:\Program Files\MiKTeX 2.9\tex\latex\psnfss\courier.sty"
Package: courier 2005/04/12 PSNFSS-v9.2a (WaS) 
)
("C:\Program Files\MiKTeX 2.9\tex\latex\koma-script\scrpage2.sty"
Package: scrpage2 2015/10/03 v3.19a KOMA-Script package (page head and foot)
LaTeX Info: Redefining \pagemark on input line 174.
)
("C:\Program Files\MiKTeX 2.9\tex\latex\tools\xspace.sty"
Package: xspace 2014/10/28 v1.13 Space after command names (DPC,MH)
)
("C:\Program Files\MiKTeX 2.9\tex\latex\setspace\setspace.sty"
Package: setspace 2011/12/19 v6.7a set line spacing
)
("C:\Program Files\MiKTeX 2.9\tex\latex\graphics\graphicx.sty"
Package: graphicx 2014/10/28 v1.0g Enhanced LaTeX Graphics (DPC,SPQR)

("C:\Program Files\MiKTeX 2.9\tex\latex\graphics\graphics.sty"
Package: graphics 2014/10/28 v1.0p Standard LaTeX Graphics (DPC,SPQR)

("C:\Program Files\MiKTeX 2.9\tex\latex\graphics\trig.sty"
Package: trig 1999/03/16 v1.09 sin cos tan (DPC)
)
("C:\Program Files\MiKTeX 2.9\tex\latex\00miktex\graphics.cfg"
File: graphics.cfg 2007/01/18 v1.5 graphics configuration of teTeX/TeXLive
)
Package graphics Info: Driver file: pdftex.def on input line 94.

("C:\Program Files\MiKTeX 2.9\tex\latex\pdftex-def\pdftex.def"
File: pdftex.def 2011/05/27 v0.06d Graphics/color for pdfTeX

("C:\Program Files\MiKTeX 2.9\tex\generic\oberdiek\infwarerr.sty"
Package: infwarerr 2010/04/08 v1.3 Providing info/warning/error messages (HO)
)
("C:\Program Files\MiKTeX 2.9\tex\generic\oberdiek\ltxcmds.sty"
Package: ltxcmds 2011/11/09 v1.22 LaTeX kernel commands for general use (HO)
)
\Gread@gobject=\count90
))
\Gin@req@height=\dimen106
\Gin@req@width=\dimen107
)
("C:\Program Files\MiKTeX 2.9\tex\latex\textpos\textpos.sty"
Package: textpos 2014/01/03 v1.7j

Package: textpos 2014/01/03 1.7j, absolute positioning of text on the page
("C:\Program Files\MiKTeX 2.9\tex\latex\ms\everyshi.sty"
Package: everyshi 2001/05/15 v3.00 EveryShipout Package (MS)
)
\TP@textbox=\box27
\TP@holdbox=\box28
\TPHorizModule=\dimen108
\TPVertModule=\dimen109
\TP@margin=\dimen110
\TP@absmargin=\dimen111

Grid set 16 x 16 = 37.34424pt x 52.81543pt
\TPboxrulesize=\dimen112
\TP@ox=\dimen113
\TP@oy=\dimen114
\TP@tbargs=\toks18
\TP@prevdepth=\dimen115
TextBlockOrigin set to 0pt x 0pt
) ("C:\Program Files\MiKTeX 2.9\tex\latex\pdfpages\pdfpages.sty"
Package: pdfpages 2016/04/19 v0.5f Insert pages of external PDF documents (AM)

("C:\Program Files\MiKTeX 2.9\tex\latex\base\ifthen.sty"
Package: ifthen 2014/09/29 v1.1c Standard LaTeX ifthen package (DPC)
)
("C:\Program Files\MiKTeX 2.9\tex\latex\tools\calc.sty"
Package: calc 2014/10/28 v4.3 Infix arithmetic (KKT,FJ)
\calc@Acount=\count91
\calc@Bcount=\count92
\calc@Adimen=\dimen116
\calc@Bdimen=\dimen117
\calc@Askip=\skip64
\calc@Bskip=\skip65
LaTeX Info: Redefining \setlength on input line 80.
LaTeX Info: Redefining \addtolength on input line 81.
\calc@Ccount=\count93
\calc@Cskip=\skip66
)
("C:\Program Files\MiKTeX 2.9\tex\latex\eso-pic\eso-pic.sty"
Package: eso-pic 2015/07/21 v2.0g eso-pic (RN)

("C:\Program Files\MiKTeX 2.9\tex\generic\oberdiek\atbegshi.sty"
Package: atbegshi 2011/10/05 v1.16 At begin shipout hook (HO)

("C:\Program Files\MiKTeX 2.9\tex\generic\oberdiek\ifpdf.sty"
Package: ifpdf 2011/01/30 v2.3 Provides the ifpdf switch (HO)
Package ifpdf Info: pdfTeX in PDF mode is detected.
))
("C:\Program Files\MiKTeX 2.9\tex\latex\xcolor\xcolor.sty"
Package: xcolor 2007/01/21 v2.11 LaTeX color extensions (UK)

("C:\Program Files\MiKTeX 2.9\tex\latex\00miktex\color.cfg"
File: color.cfg 2007/01/18 v1.5 color configuration of teTeX/TeXLive
)
Package xcolor Info: Driver file: pdftex.def on input line 225.
Package xcolor Info: Model `cmy' substituted by `cmy0' on input line 1337.
Package xcolor Info: Model `hsb' substituted by `rgb' on input line 1341.
Package xcolor Info: Model `RGB' extended on input line 1353.
Package xcolor Info: Model `HTML' substituted by `rgb' on input line 1355.
Package xcolor Info: Model `Hsb' substituted by `hsb' on input line 1356.
Package xcolor Info: Model `tHsb' substituted by `hsb' on input line 1357.
Package xcolor Info: Model `HSB' substituted by `hsb' on input line 1358.
Package xcolor Info: Model `Gray' substituted by `gray' on input line 1359.
Package xcolor Info: Model `wave' substituted by `hsb' on input line 1360.
))
\AM@pagewidth=\dimen118
\AM@pageheight=\dimen119

("C:\Program Files\MiKTeX 2.9\tex\latex\pdfpages\pppdftex.def"
File: pppdftex.def 2016/04/19 v0.5f Pdfpages driver for pdfTeX (AM)
)
\AM@pagebox=\box29
\AM@global@opts=\toks19
\AM@toc@title=\toks20
\c@AM@survey=\count94
\AM@templatesizebox=\box30
)
("C:\Program Files\MiKTeX 2.9\tex\latex\amsfonts\amsfonts.sty"
Package: amsfonts 2013/01/14 v3.01 Basic AMSFonts support
\@emptytoks=\toks21
\symAMSa=\mathgroup4
\symAMSb=\mathgroup5
LaTeX Font Info:    Overwriting math alphabet `\mathfrak' in version `bold'
(Font)                  U/euf/m/n --> U/euf/b/n on input line 106.
)
("C:\Program Files\MiKTeX 2.9\tex\latex\amsmath\amsmath.sty"
Package: amsmath 2013/01/14 v2.14 AMS math features
\@mathmargin=\skip67

For additional information on amsmath, use the `?' option.
("C:\Program Files\MiKTeX 2.9\tex\latex\amsmath\amstext.sty"
Package: amstext 2000/06/29 v2.01

("C:\Program Files\MiKTeX 2.9\tex\latex\amsmath\amsgen.sty"
File: amsgen.sty 1999/11/30 v2.0
\@emptytoks=\toks22
\ex@=\dimen120
))
("C:\Program Files\MiKTeX 2.9\tex\latex\amsmath\amsbsy.sty"
Package: amsbsy 1999/11/29 v1.2d
\pmbraise@=\dimen121
)
("C:\Program Files\MiKTeX 2.9\tex\latex\amsmath\amsopn.sty"
Package: amsopn 1999/12/14 v2.01 operator names
)
\inf@bad=\count95
LaTeX Info: Redefining \frac on input line 210.
\uproot@=\count96
\leftroot@=\count97
LaTeX Info: Redefining \overline on input line 306.
\classnum@=\count98
\DOTSCASE@=\count99
LaTeX Info: Redefining \ldots on input line 378.
LaTeX Info: Redefining \dots on input line 381.
LaTeX Info: Redefining \cdots on input line 466.
\Mathstrutbox@=\box31
\strutbox@=\box32
\big@size=\dimen122
LaTeX Font Info:    Redeclaring font encoding OML on input line 566.
LaTeX Font Info:    Redeclaring font encoding OMS on input line 567.
\macc@depth=\count100
\c@MaxMatrixCols=\count101
\dotsspace@=\muskip10
\c@parentequation=\count102
\dspbrk@lvl=\count103
\tag@help=\toks23
\row@=\count104
\column@=\count105
\maxfields@=\count106
\andhelp@=\toks24
\eqnshift@=\dimen123
\alignsep@=\dimen124
\tagshift@=\dimen125
\tagwidth@=\dimen126
\totwidth@=\dimen127
\lineht@=\dimen128
\@envbody=\toks25
\multlinegap=\skip68
\multlinetaggap=\skip69
\mathdisplay@stack=\toks26
LaTeX Info: Redefining \[ on input line 2665.
LaTeX Info: Redefining \] on input line 2666.
)
("C:\Program Files\MiKTeX 2.9\tex\latex\amsfonts\amssymb.sty"
Package: amssymb 2013/01/14 v3.01 AMS font symbols
)
("C:\Program Files\MiKTeX 2.9\tex\latex\listings\listings.sty"
\lst@mode=\count107
\lst@gtempboxa=\box33
\lst@token=\toks27
\lst@length=\count108
\lst@currlwidth=\dimen129
\lst@column=\count109
\lst@pos=\count110
\lst@lostspace=\dimen130
\lst@width=\dimen131
\lst@newlines=\count111
\lst@lineno=\count112
\lst@maxwidth=\dimen132

("C:\Program Files\MiKTeX 2.9\tex\latex\listings\lstmisc.sty"
File: lstmisc.sty 2015/06/04 1.6 (Carsten Heinz)
\c@lstnumber=\count113
\lst@skipnumbers=\count114
\lst@framebox=\box34
)
("C:\Program Files\MiKTeX 2.9\tex\latex\listings\listings.cfg"
File: listings.cfg 2015/06/04 1.6 listings configuration
))
Package: listings 2015/06/04 1.6 (Carsten Heinz)

("C:\Program Files\MiKTeX 2.9\tex\latex\natbib\natbib.sty"
Package: natbib 2010/09/13 8.31b (PWD, AO)
\bibhang=\skip70
\bibsep=\skip71
LaTeX Info: Redefining \cite on input line 694.
\c@NAT@ctr=\count115
)
("C:\Program Files\MiKTeX 2.9\tex\latex\germbib\bibgerm.sty"
Package: bibgerm 2000/08/18 v0.1 Support for mixed language bibliographies

** Macros for german `BibTeX'ing added to Style Option `german' 20 Apr 1993 **
** idea and languages `german' and `USenglish' implemented by M. Wallmeier **
** Modified for LaTeX 2e and german.sty 2.5b by A. Scherer 1 Nov 1995 **
** Modified for ngerman.sty and babel.sty by H. Harders 21 August 2000 **)
("C:\Program Files\MiKTeX 2.9\tex\latex\tools\tabularx.sty"
Package: tabularx 2014/10/28 v2.10 `tabularx' package (DPC)
\TX@col@width=\dimen133
\TX@old@table=\dimen134
\TX@old@col=\dimen135
\TX@target=\dimen136
\TX@delta=\dimen137
\TX@cols=\count116
\TX@ftn=\toks28
)
("C:\Program Files\MiKTeX 2.9\tex\latex\base\makeidx.sty"
Package: makeidx 2014/09/29 v1.0m Standard LaTeX package
)
\@indexfile=\write3
\openout3 = `thesis3.idx'.


Writing index file thesis3.idx
("C:\Program Files\MiKTeX 2.9\tex\latex\nomencl\nomencl.sty"
Package: nomencl 2005/09/22 v4.2 Nomenclature package (LN)
\nomlabelwidth=\dimen138
\nom@tempdim=\dimen139
\nomitemsep=\skip72
)
\@nomenclaturefile=\write4
\openout4 = `thesis3.nlo'.


Writing nomenclature file thesis3.nlo
("C:\Program Files\MiKTeX 2.9\tex\latex\hyperref\hyperref.sty"
Package: hyperref 2012/11/06 v6.83m Hypertext links for LaTeX

("C:\Program Files\MiKTeX 2.9\tex\generic\oberdiek\hobsub-hyperref.sty"
Package: hobsub-hyperref 2012/04/25 v1.12 Bundle oberdiek, subset hyperref (HO)


("C:\Program Files\MiKTeX 2.9\tex\generic\oberdiek\hobsub-generic.sty"
Package: hobsub-generic 2012/04/25 v1.12 Bundle oberdiek, subset generic (HO)
Package: hobsub 2012/04/25 v1.12 Construct package bundles (HO)
Package hobsub Info: Skipping package `infwarerr' (already loaded).
Package hobsub Info: Skipping package `ltxcmds' (already loaded).
Package: ifluatex 2010/03/01 v1.3 Provides the ifluatex switch (HO)
Package ifluatex Info: LuaTeX not detected.
Package: ifvtex 2010/03/01 v1.5 Detect VTeX and its facilities (HO)
Package ifvtex Info: VTeX not detected.
Package: intcalc 2007/09/27 v1.1 Expandable calculations with integers (HO)
Package hobsub Info: Skipping package `ifpdf' (already loaded).
Package: etexcmds 2011/02/16 v1.5 Avoid name clashes with e-TeX commands (HO)
Package etexcmds Info: Could not find \expanded.
(etexcmds)             That can mean that you are not using pdfTeX 1.50 or
(etexcmds)             that some package has redefined \expanded.
(etexcmds)             In the latter case, load this package earlier.
Package: kvsetkeys 2012/04/25 v1.16 Key value parser (HO)
Package: kvdefinekeys 2011/04/07 v1.3 Define keys (HO)
Package: pdftexcmds 2011/11/29 v0.20 Utility functions of pdfTeX for LuaTeX (HO
)
Package pdftexcmds Info: LuaTeX not detected.
Package pdftexcmds Info: \pdf@primitive is available.
Package pdftexcmds Info: \pdf@ifprimitive is available.
Package pdftexcmds Info: \pdfdraftmode found.
Package: pdfescape 2011/11/25 v1.13 Implements pdfTeX's escape features (HO)
Package: bigintcalc 2012/04/08 v1.3 Expandable calculations on big integers (HO
)
Package: bitset 2011/01/30 v1.1 Handle bit-vector datatype (HO)
Package: uniquecounter 2011/01/30 v1.2 Provide unlimited unique counter (HO)
)
Package hobsub Info: Skipping package `hobsub' (already loaded).
Package: letltxmacro 2010/09/02 v1.4 Let assignment for LaTeX macros (HO)
Package: hopatch 2011/06/24 v1.1 Wrapper for package hooks (HO)
Package: xcolor-patch 2011/01/30 xcolor patch
Package: atveryend 2011/06/30 v1.8 Hooks at the very end of document (HO)
Package atveryend Info: \enddocument detected (standard20110627).
Package hobsub Info: Skipping package `atbegshi' (already loaded).
Package: refcount 2011/10/16 v3.4 Data extraction from label references (HO)
Package: hycolor 2011/01/30 v1.7 Color options for hyperref/bookmark (HO)
)
("C:\Program Files\MiKTeX 2.9\tex\generic\ifxetex\ifxetex.sty"
Package: ifxetex 2010/09/12 v0.6 Provides ifxetex conditional
)
("C:\Program Files\MiKTeX 2.9\tex\latex\oberdiek\auxhook.sty"
Package: auxhook 2011/03/04 v1.3 Hooks for auxiliary files (HO)
)
("C:\Program Files\MiKTeX 2.9\tex\latex\oberdiek\kvoptions.sty"
Package: kvoptions 2011/06/30 v3.11 Key value format for package options (HO)
)
\@linkdim=\dimen140
\Hy@linkcounter=\count117
\Hy@pagecounter=\count118

("C:\Program Files\MiKTeX 2.9\tex\latex\hyperref\pd1enc.def"
File: pd1enc.def 2012/11/06 v6.83m Hyperref: PDFDocEncoding definition (HO)
)
\Hy@SavedSpaceFactor=\count119

("C:\Program Files\MiKTeX 2.9\tex\latex\00miktex\hyperref.cfg"
File: hyperref.cfg 2002/06/06 v1.2 hyperref configuration of TeXLive
)
Package hyperref Info: Option `final' set `true' on input line 4319.
Package hyperref Info: Option `colorlinks' set `true' on input line 4319.
Package hyperref Info: Option `bookmarks' set `true' on input line 4319.
Package hyperref Info: Option `bookmarksopen' set `false' on input line 4319.
Package hyperref Info: Option `bookmarksnumbered' set `true' on input line 4319
.
Package hyperref Info: Option `linktocpage' set `true' on input line 4319.
Package hyperref Info: Hyper figures OFF on input line 4443.
Package hyperref Info: Link nesting OFF on input line 4448.
Package hyperref Info: Hyper index ON on input line 4451.
Package hyperref Info: Plain pages OFF on input line 4458.
Package hyperref Info: Backreferencing OFF on input line 4463.
Package hyperref Info: Implicit mode ON; LaTeX internals redefined.
Package hyperref Info: Bookmarks ON on input line 4688.
\c@Hy@tempcnt=\count120

("C:\Program Files\MiKTeX 2.9\tex\latex\url\url.sty"
\Urlmuskip=\muskip11
Package: url 2013/09/16  ver 3.4  Verb mode for urls, etc.
)
LaTeX Info: Redefining \url on input line 5041.
\XeTeXLinkMargin=\dimen141
\Fld@menulength=\count121
\Field@Width=\dimen142
\Fld@charsize=\dimen143
Package hyperref Info: Hyper figures OFF on input line 6295.
Package hyperref Info: Link nesting OFF on input line 6300.
Package hyperref Info: Hyper index ON on input line 6303.
Package hyperref Info: backreferencing OFF on input line 6310.
Package hyperref Info: Link coloring ON on input line 6313.
Package hyperref Info: Link coloring with OCG OFF on input line 6320.
Package hyperref Info: PDF/A mode OFF on input line 6325.
LaTeX Info: Redefining \ref on input line 6365.
LaTeX Info: Redefining \pageref on input line 6369.
\Hy@abspage=\count122
\c@Item=\count123
\c@Hfootnote=\count124
)

Package hyperref Message: Driver: hpdftex.

("C:\Program Files\MiKTeX 2.9\tex\latex\hyperref\hpdftex.def"
File: hpdftex.def 2012/11/06 v6.83m Hyperref driver for pdfTeX
\Fld@listcount=\count125
\c@bookmark@seq@number=\count126

("C:\Program Files\MiKTeX 2.9\tex\latex\oberdiek\rerunfilecheck.sty"
Package: rerunfilecheck 2011/04/15 v1.7 Rerun checks for auxiliary files (HO)
Package uniquecounter Info: New unique counter `rerunfilecheck' on input line 2
82.
)
\Hy@SectionHShift=\skip73
)
(einstellungen/neuebefehle.sty) (einstellungen/trennungen.sty)) (thesis3.aux)
\openout1 = `thesis3.aux'.

LaTeX Font Info:    Checking defaults for OML/cmm/m/it on input line 12.
LaTeX Font Info:    ... okay on input line 12.
LaTeX Font Info:    Checking defaults for T1/cmr/m/n on input line 12.
LaTeX Font Info:    ... okay on input line 12.
LaTeX Font Info:    Checking defaults for OT1/cmr/m/n on input line 12.
LaTeX Font Info:    ... okay on input line 12.
LaTeX Font Info:    Checking defaults for OMS/cmsy/m/n on input line 12.
LaTeX Font Info:    ... okay on input line 12.
LaTeX Font Info:    Checking defaults for OMX/cmex/m/n on input line 12.
LaTeX Font Info:    ... okay on input line 12.
LaTeX Font Info:    Checking defaults for U/cmr/m/n on input line 12.
LaTeX Font Info:    ... okay on input line 12.
LaTeX Font Info:    Checking defaults for PD1/pdf/m/n on input line 12.
LaTeX Font Info:    ... okay on input line 12.
LaTeX Font Info:    Try loading font information for T1+phv on input line 12.

("C:\Program Files\MiKTeX 2.9\tex\latex\psnfss\t1phv.fd"
File: t1phv.fd 2001/06/04 scalable font definitions for T1/phv.
)
LaTeX Font Info:    Font shape `T1/phv/m/n' will be
(Font)              scaled to size 10.79993pt on input line 12.

ABD: EverySelectfont initializing macros
LaTeX Info: Redefining \selectfont on input line 12.

("C:\Program Files\MiKTeX 2.9\tex\context\base\supp-pdf.mkii"
[Loading MPS to PDF converter (version 2006.09.02).]
\scratchcounter=\count127
\scratchdimen=\dimen144
\scratchbox=\box35
\nofMPsegments=\count128
\nofMParguments=\count129
\everyMPshowfont=\toks29
\MPscratchCnt=\count130
\MPscratchDim=\dimen145
\MPnumerator=\count131
\makeMPintoPDFobject=\count132
\everyMPtoPDFconversion=\toks30
) ABD: EveryShipout initializing macros
\AtBeginShipoutBox=\box36

("C:\Program Files\MiKTeX 2.9\tex\latex\oberdiek\pdflscape.sty"
Package: pdflscape 2008/08/11 v0.10 Display of landscape pages in PDF (HO)

("C:\Program Files\MiKTeX 2.9\tex\latex\graphics\lscape.sty"
Package: lscape 2000/10/22 v3.01 Landscape Pages (DPC)
)
Package pdflscape Info: Auto-detected driver: pdftex on input line 80.
)
\c@lstlisting=\count133


bibgerm.sty: babel.sty detected

Package hyperref Info: Link coloring ON on input line 12.
("C:\Program Files\MiKTeX 2.9\tex\latex\hyperref\nameref.sty"
Package: nameref 2012/10/27 v2.43 Cross-referencing by name of section

("C:\Program Files\MiKTeX 2.9\tex\generic\oberdiek\gettitlestring.sty"
Package: gettitlestring 2010/12/03 v1.4 Cleanup title references (HO)
)
\c@section@level=\count134
)
LaTeX Info: Redefining \ref on input line 12.
LaTeX Info: Redefining \pageref on input line 12.
LaTeX Info: Redefining \nameref on input line 12.

(thesis3.out) (thesis3.out)
\@outlinefile=\write5
\openout5 = `thesis3.out'.


TextBlockOrigin set to 0mm x 0mm
LaTeX Font Info:    Font shape `T1/phv/m/n' will be
(Font)              scaled to size 19.79987pt on input line 25.
LaTeX Font Info:    Try loading font information for OT1+cmbr on input line 25.

("C:\Program Files\MiKTeX 2.9\tex\latex\cmbright\ot1cmbr.fd"
File: ot1cmbr.fd 2005/04/13 v8.1 (WaS)
)
LaTeX Font Info:    Try loading font information for OML+cmbrm on input line 25
.

("C:\Program Files\MiKTeX 2.9\tex\latex\cmbright\omlcmbrm.fd"
File: omlcmbrm.fd 2005/04/13 v8.1 (WaS)
)
LaTeX Font Info:    Try loading font information for OMS+cmbrs on input line 25
.

("C:\Program Files\MiKTeX 2.9\tex\latex\cmbright\omscmbrs.fd"
File: omscmbrs.fd 2005/04/13 v8.1 (WaS)
)
Overfull \hbox (10.51695pt too wide) in paragraph at lines 25--25
[]$[]$ 
 []

LaTeX Font Info:    Font shape `T1/phv/m/n' will be
(Font)              scaled to size 14.3999pt on input line 25.
LaTeX Font Info:    Calculating math sizes for size <16> on input line 25.

Overfull \hbox (10.51695pt too wide) in paragraph at lines 25--25
[]$[]$ 
 []

LaTeX Font Info:    Font shape `T1/phv/m/n' will be
(Font)              scaled to size 8.99994pt on input line 25.
LaTeX Font Info:    Font shape `T1/phv/m/it' in size <10> not available
(Font)              Font shape `T1/phv/m/sl' tried instead on input line 25.
LaTeX Font Info:    Font shape `T1/phv/m/sl' will be
(Font)              scaled to size 8.99994pt on input line 25.
<pdf/DeckblattFarbe.pdf, id=187, 597.55246pt x 845.19763pt>
File: pdf/DeckblattFarbe.pdf Graphic file (type pdf)

<use pdf/DeckblattFarbe.pdf>
Package pdftex.def Info: pdf/DeckblattFarbe.pdf used on input line 25.
(pdftex.def)             Requested size: 597.551pt x 845.19557pt.
File: pdf/DeckblattFarbe.pdf Graphic file (type pdf)
 <use pdf/DeckblattFarbe.pdf>
Package pdftex.def Info: pdf/DeckblattFarbe.pdf used on input line 25.
(pdftex.def)             Requested size: 597.551pt x 845.19557pt.

<pdf/DeckblattFarbe.pdf, id=190, page=1, 597.55246pt x 845.19763pt>
File: pdf/DeckblattFarbe.pdf Graphic file (type pdf)

<use pdf/DeckblattFarbe.pdf, page 1>
Package pdftex.def Info: pdf/DeckblattFarbe.pdf, page1 used on input line 25.
(pdftex.def)             Requested size: 597.551pt x 845.19557pt.
File: pdf/DeckblattFarbe.pdf Graphic file (type pdf)
 <use pdf/DeckblattFarbe.pdf, page 1>
Package pdftex.def Info: pdf/DeckblattFarbe.pdf, page1 used on input line 25.
(pdftex.def)             Requested size: 597.57834pt x 845.23425pt.
File: pdf/DeckblattFarbe.pdf Graphic file (type pdf)

<use pdf/DeckblattFarbe.pdf, page 1>
Package pdftex.def Info: pdf/DeckblattFarbe.pdf, page1 used on input line 25.
(pdftex.def)             Requested size: 597.57834pt x 845.23425pt.
File: pdf/DeckblattFarbe.pdf Graphic file (type pdf)
 <use pdf/DeckblattFarbe.pdf, page 1>
Package pdftex.def Info: pdf/DeckblattFarbe.pdf, page1 used on input line 25.
(pdftex.def)             Requested size: 597.57834pt x 845.23425pt.
File: pdf/DeckblattFarbe.pdf Graphic file (type pdf)

<use pdf/DeckblattFarbe.pdf, page 1>
Package pdftex.def Info: pdf/DeckblattFarbe.pdf, page1 used on input line 25.
(pdftex.def)             Requested size: 597.57834pt x 845.23425pt.
Package babel Info: Redefining ngerman shorthand "|
(babel)             in language  on input line 25.
Package babel Info: Redefining ngerman shorthand "~
(babel)             in language  on input line 25.
Package babel Info: Redefining ngerman shorthand "|
(babel)             in language  on input line 25.
Package babel Info: Redefining ngerman shorthand "~
(babel)             in language  on input line 25.
 [1



{C:/Users/Robin/AppData/Local/MiKTeX/2.9/pdftex/config/pdftex.map} <./pdf/Deckb
lattFarbe.pdf>]
TextBlockOrigin set to 0mm x 0mm
LaTeX Font Info:    Font shape `T1/phv/m/n' will be
(Font)              scaled to size 16.19989pt on input line 26.

Overfull \hbox (10.80186pt too wide) in paragraph at lines 26--26
[]$[]$ 
 []


Underfull \hbox (badness 10000) in paragraph at lines 26--26

 []


Underfull \hbox (badness 10000) in paragraph at lines 26--26

 []


Overfull \hbox (9.94843pt too wide) in paragraph at lines 26--26
[][] 
 []

Package babel Info: Redefining ngerman shorthand "|
(babel)             in language  on input line 47.
Package babel Info: Redefining ngerman shorthand "~
(babel)             in language  on input line 47.
Package babel Info: Redefining ngerman shorthand "|
(babel)             in language  on input line 47.
Package babel Info: Redefining ngerman shorthand "~
(babel)             in language  on input line 47.
[2]
LaTeX Font Info:    Font shape `T1/phv/bx/n' in size <12> not available
(Font)              Font shape `T1/phv/b/n' tried instead on input line 47.
LaTeX Font Info:    Font shape `T1/phv/b/n' will be
(Font)              scaled to size 10.79993pt on input line 47.
LaTeX Font Info:    Font shape `T1/phv/bx/n' in size <14.4> not available
(Font)              Font shape `T1/phv/b/n' tried instead on input line 47.
LaTeX Font Info:    Font shape `T1/phv/b/n' will be
(Font)              scaled to size 12.9599pt on input line 47.

Overfull \hbox (21.2848pt too wide) in paragraph at lines 47--47
[] 
 []


Overfull \hbox (21.2848pt too wide) in paragraph at lines 47--47
[] 
 []


Overfull \hbox (21.2848pt too wide) in paragraph at lines 47--47
[] 
 []


Overfull \hbox (21.2848pt too wide) in paragraph at lines 47--47
[] 
 []


Overfull \hbox (21.2848pt too wide) in paragraph at lines 47--47
[] 
 []


Overfull \hbox (21.2848pt too wide) in paragraph at lines 47--47
[] 
 []

(standard/danke.tex
Package babel Info: Redefining ngerman shorthand "|
(babel)             in language  on input line 4.
Package babel Info: Redefining ngerman shorthand "~
(babel)             in language  on input line 4.
Package babel Info: Redefining ngerman shorthand "|
(babel)             in language  on input line 4.
Package babel Info: Redefining ngerman shorthand "~
(babel)             in language  on input line 4.
 [3]
LaTeX Font Info:    Font shape `T1/phv/bx/n' in size <17.28> not available
(Font)              Font shape `T1/phv/b/n' tried instead on input line 6.
LaTeX Font Info:    Font shape `T1/phv/b/n' will be
(Font)              scaled to size 15.55188pt on input line 6.
)
Package babel Info: Redefining ngerman shorthand "|
(babel)             in language  on input line 64.
Package babel Info: Redefining ngerman shorthand "~
(babel)             in language  on input line 64.
Package babel Info: Redefining ngerman shorthand "|
(babel)             in language  on input line 64.
Package babel Info: Redefining ngerman shorthand "~
(babel)             in language  on input line 64.
 [4]
LaTeX Font Info:    Font shape `T1/phv/bx/n' in size <24.88> not available
(Font)              Font shape `T1/phv/b/n' tried instead on input line 64.
LaTeX Font Info:    Font shape `T1/phv/b/n' will be
(Font)              scaled to size 22.39185pt on input line 64.
 (thesis3.toc
LaTeX Font Info:    Font shape `T1/phv/m/sl' will be
(Font)              scaled to size 10.79993pt on input line 42.
Package babel Info: Redefining ngerman shorthand "|
(babel)             in language  on input line 42.
Package babel Info: Redefining ngerman shorthand "~
(babel)             in language  on input line 42.
Package babel Info: Redefining ngerman shorthand "|
(babel)             in language  on input line 42.
Package babel Info: Redefining ngerman shorthand "~
(babel)             in language  on input line 42.
 [5

])
\tf@toc=\write6
\openout6 = `thesis3.toc'.

Package babel Info: Redefining ngerman shorthand "|
(babel)             in language  on input line 65.
Package babel Info: Redefining ngerman shorthand "~
(babel)             in language  on input line 65.
Package babel Info: Redefining ngerman shorthand "|
(babel)             in language  on input line 65.
Package babel Info: Redefining ngerman shorthand "~
(babel)             in language  on input line 65.
 [6]
Package babel Info: Redefining ngerman shorthand "|
(babel)             in language  on input line 65.
Package babel Info: Redefining ngerman shorthand "~
(babel)             in language  on input line 65.
 (thesis3.lot)
\tf@lot=\write7
\openout7 = `thesis3.lot'.

Package babel Info: Redefining ngerman shorthand "|
(babel)             in language  on input line 66.
Package babel Info: Redefining ngerman shorthand "~
(babel)             in language  on input line 66.
Package babel Info: Redefining ngerman shorthand "|
(babel)             in language  on input line 66.
Package babel Info: Redefining ngerman shorthand "~
(babel)             in language  on input line 66.
 [7

]
Package babel Info: Redefining ngerman shorthand "|
(babel)             in language  on input line 66.
Package babel Info: Redefining ngerman shorthand "~
(babel)             in language  on input line 66.

(thesis3.lof)
\tf@lof=\write8
\openout8 = `thesis3.lof'.

Package babel Info: Redefining ngerman shorthand "|
(babel)             in language  on input line 67.
Package babel Info: Redefining ngerman shorthand "~
(babel)             in language  on input line 67.
Package babel Info: Redefining ngerman shorthand "|
(babel)             in language  on input line 67.
Package babel Info: Redefining ngerman shorthand "~
(babel)             in language  on input line 67.
 [8

] (kapitel/einfuehrung/einfuehrung.tex
Package babel Info: Redefining ngerman shorthand "|
(babel)             in language  on input line 4.
Package babel Info: Redefining ngerman shorthand "~
(babel)             in language  on input line 4.
Package babel Info: Redefining ngerman shorthand "|
(babel)             in language  on input line 4.
Package babel Info: Redefining ngerman shorthand "~
(babel)             in language  on input line 4.
 [9]
(kapitel/einfuehrung/Einleitung.tex
chapter 1.
Package babel Info: Redefining ngerman shorthand "|
(babel)             in language  on input line 2.
Package babel Info: Redefining ngerman shorthand "~
(babel)             in language  on input line 2.

Class scrreprt Warning: \float@addtolists detected!
(scrreprt)              Implementation of \float@addtolist became
(scrreprt)              deprecated in KOMA-Script v3.01 2008/11/14 and
(scrreprt)              has been replaced by several more flexible
(scrreprt)              features of package `tocbasic`.
(scrreprt)              Since Version 3.12 support for deprecated
(scrreprt)              \float@addtolist interface has been
(scrreprt)              restricted to only some of the KOMA-Script
(scrreprt)              features and been removed from others.
(scrreprt)              Loading of package `scrhack' may help to
(scrreprt)              avoid this warning, if you are using a
(scrreprt)              a package that still implements the
(scrreprt)              deprecated \float@addtolist interface .

) (kapitel/einfuehrung/Aufgabenstellung.tex
Package babel Info: Redefining ngerman shorthand "|
(babel)             in language  on input line 1.
Package babel Info: Redefining ngerman shorthand "~
(babel)             in language  on input line 1.
Package babel Info: Redefining ngerman shorthand "|
(babel)             in language  on input line 1.
Package babel Info: Redefining ngerman shorthand "~
(babel)             in language  on input line 1.
 [10

]
chapter 2.
Package babel Info: Redefining ngerman shorthand "|
(babel)             in language  on input line 3.
Package babel Info: Redefining ngerman shorthand "~
(babel)             in language  on input line 3.
) (kapitel/einfuehrung/Bahnplanung.tex
Package babel Info: Redefining ngerman shorthand "|
(babel)             in language  on input line 1.
Package babel Info: Redefining ngerman shorthand "~
(babel)             in language  on input line 1.
Package babel Info: Redefining ngerman shorthand "|
(babel)             in language  on input line 1.
Package babel Info: Redefining ngerman shorthand "~
(babel)             in language  on input line 1.
 [11

]
chapter 3.
Package babel Info: Redefining ngerman shorthand "|
(babel)             in language  on input line 3.
Package babel Info: Redefining ngerman shorthand "~
(babel)             in language  on input line 3.
LaTeX Font Info:    Try loading font information for OMS+phv on input line 9.
("C:\Program Files\MiKTeX 2.9\tex\latex\psnfss\omsphv.fd"
File: omsphv.fd 
)
LaTeX Font Info:    Font shape `OMS/phv/m/n' in size <12> not available
(Font)              Font shape `OMS/cmsy/m/n' tried instead on input line 9.
Package babel Info: Redefining ngerman shorthand "|
(babel)             in language  on input line 13.
Package babel Info: Redefining ngerman shorthand "~
(babel)             in language  on input line 13.
Package babel Info: Redefining ngerman shorthand "|
(babel)             in language  on input line 16.
Package babel Info: Redefining ngerman shorthand "~
(babel)             in language  on input line 16.
Package babel Info: Redefining ngerman shorthand "|
(babel)             in language  on input line 18.
Package babel Info: Redefining ngerman shorthand "~
(babel)             in language  on input line 18.
Package babel Info: Redefining ngerman shorthand "|
(babel)             in language  on input line 18.
Package babel Info: Redefining ngerman shorthand "~
(babel)             in language  on input line 18.
 [12

]
Package babel Info: Redefining ngerman shorthand "|
(babel)             in language  on input line 18.
Package babel Info: Redefining ngerman shorthand "~
(babel)             in language  on input line 18.
Package babel Info: Redefining ngerman shorthand "|
(babel)             in language  on input line 27.
Package babel Info: Redefining ngerman shorthand "~
(babel)             in language  on input line 27.
Package babel Info: Redefining ngerman shorthand "|
(babel)             in language  on input line 29.
Package babel Info: Redefining ngerman shorthand "~
(babel)             in language  on input line 29.
Package babel Info: Redefining ngerman shorthand "|
(babel)             in language  on input line 29.
Package babel Info: Redefining ngerman shorthand "~
(babel)             in language  on input line 29.
 [13]
<Sichtbarkeitsgraph.png, id=370, 541.27219pt x 254.45062pt>
File: Sichtbarkeitsgraph.png Graphic file (type png)

<use Sichtbarkeitsgraph.png>
Package pdftex.def Info: Sichtbarkeitsgraph.png used on input line 41.
(pdftex.def)             Requested size: 341.43306pt x 160.51051pt.
Package babel Info: Redefining ngerman shorthand "|
(babel)             in language  on input line 49.
Package babel Info: Redefining ngerman shorthand "~
(babel)             in language  on input line 49.
Package babel Info: Redefining ngerman shorthand "|
(babel)             in language  on input line 49.
Package babel Info: Redefining ngerman shorthand "~
(babel)             in language  on input line 49.
 [14 <./Sichtbarkeitsgraph.png>]
<OccupancyGrid.png, id=379, 460.72125pt x 355.3275pt>
File: OccupancyGrid.png Graphic file (type png)
 <use OccupancyGrid.png>
Package pdftex.def Info: OccupancyGrid.png used on input line 56.
(pdftex.def)             Requested size: 284.52756pt x 219.43869pt.

<DStern.png, id=381, 502.87875pt x 392.96812pt>
File: DStern.png Graphic file (type png)
 <use DStern.png>
Package pdftex.def Info: DStern.png used on input line 65.
(pdftex.def)             Requested size: 284.52756pt x 222.33919pt.
Package babel Info: Redefining ngerman shorthand "|
(babel)             in language  on input line 69.
Package babel Info: Redefining ngerman shorthand "~
(babel)             in language  on input line 69.
Package babel Info: Redefining ngerman shorthand "|
(babel)             in language  on input line 69.
Package babel Info: Redefining ngerman shorthand "~
(babel)             in language  on input line 69.
 [15 <./OccupancyGrid.png>]
Package babel Info: Redefining ngerman shorthand "|
(babel)             in language  on input line 72.
Package babel Info: Redefining ngerman shorthand "~
(babel)             in language  on input line 72.
Package babel Info: Redefining ngerman shorthand "|
(babel)             in language  on input line 75.
Package babel Info: Redefining ngerman shorthand "~
(babel)             in language  on input line 75.
Package babel Info: Redefining ngerman shorthand "|
(babel)             in language  on input line 75.
Package babel Info: Redefining ngerman shorthand "~
(babel)             in language  on input line 75.
 [16 <./DStern.png>]
<Bug2_m-Linie.png, id=395, 270.25969pt x 289.83281pt>
File: Bug2_m-Linie.png Graphic file (type png)
 <use Bug2_m-Linie.png>
Package pdftex.def Info: Bug2_m-Linie.png used on input line 87.
(pdftex.def)             Requested size: 142.26378pt x 152.57137pt.
Package babel Info: Redefining ngerman shorthand "|
(babel)             in language  on input line 95.
Package babel Info: Redefining ngerman shorthand "~
(babel)             in language  on input line 95.
Package babel Info: Redefining ngerman shorthand "|
(babel)             in language  on input line 95.
Package babel Info: Redefining ngerman shorthand "~
(babel)             in language  on input line 95.

[17 <./Bug2_m-Linie.png>] <Bug2.png, id=403, 199.49532pt x 271.0125pt>
File: Bug2.png Graphic file (type png)

<use Bug2.png>
Package pdftex.def Info: Bug2.png used on input line 104.
(pdftex.def)             Requested size: 142.26378pt x 193.27208pt.
 <Bug2_Problem.png, id=405, 198.7425pt x 237.88875pt>
File: Bug2_Problem.png Graphic file (type png)

<use Bug2_Problem.png>
Package pdftex.def Info: Bug2_Problem.png used on input line 113.
(pdftex.def)             Requested size: 142.26378pt x 170.28879pt.


LaTeX Warning: `h' float specifier changed to `ht'.

Package babel Info: Redefining ngerman shorthand "|
(babel)             in language  on input line 120.
Package babel Info: Redefining ngerman shorthand "~
(babel)             in language  on input line 120.
Package babel Info: Redefining ngerman shorthand "|
(babel)             in language  on input line 120.
Package babel Info: Redefining ngerman shorthand "~
(babel)             in language  on input line 120.
[18 <./Bug2.png>] <Potentialfeld.png, id=413, 613.54219pt x 400.49625pt>
File: Potentialfeld.png Graphic file (type png)

<use Potentialfeld.png>
Package pdftex.def Info: Potentialfeld.png used on input line 123.
(pdftex.def)             Requested size: 256.0748pt x 167.15617pt.
Package babel Info: Redefining ngerman shorthand "|
(babel)             in language  on input line 130.
Package babel Info: Redefining ngerman shorthand "~
(babel)             in language  on input line 130.
Package babel Info: Redefining ngerman shorthand "|
(babel)             in language  on input line 130.
Package babel Info: Redefining ngerman shorthand "~
(babel)             in language  on input line 130.
 [19 <./Bug2_Problem.png> <./Potentialfeld.png>]
Package babel Info: Redefining ngerman shorthand "|
(babel)             in language  on input line 130.
Package babel Info: Redefining ngerman shorthand "~
(babel)             in language  on input line 130.
Package babel Info: Redefining ngerman shorthand "|
(babel)             in language  on input line 151.
Package babel Info: Redefining ngerman shorthand "~
(babel)             in language  on input line 151.

<KonfigRaum.png, id=422, 738.67548pt x 381.12915pt>
File: KonfigRaum.png Graphic file (type png)
 <use KonfigRaum.png>
Package pdftex.def Info: KonfigRaum.png used on input line 156.
(pdftex.def)             Requested size: 312.9803pt x 161.48633pt.


LaTeX Warning: `!h' float specifier changed to `!ht'.

Package babel Info: Redefining ngerman shorthand "|
(babel)             in language  on input line 164.
Package babel Info: Redefining ngerman shorthand "~
(babel)             in language  on input line 164.
Package babel Info: Redefining ngerman shorthand "|
(babel)             in language  on input line 164.
Package babel Info: Redefining ngerman shorthand "~
(babel)             in language  on input line 164.
[20]
Package babel Info: Redefining ngerman shorthand "|
(babel)             in language  on input line 171.
Package babel Info: Redefining ngerman shorthand "~
(babel)             in language  on input line 171.
Package babel Info: Redefining ngerman shorthand "|
(babel)             in language  on input line 171.
Package babel Info: Redefining ngerman shorthand "~
(babel)             in language  on input line 171.
 [21 <./KonfigRaum.png>]
<Potentialfeld_Fertig.png, id=437, 738.67548pt x 366.67516pt>
File: Potentialfeld_Fertig.png Graphic file (type png)

<use Potentialfeld_Fertig.png>
Package pdftex.def Info: Potentialfeld_Fertig.png used on input line 179.
(pdftex.def)             Requested size: 312.9803pt x 155.36209pt.
)
Package babel Info: Redefining ngerman shorthand "|
(babel)             in language  on input line 9.
Package babel Info: Redefining ngerman shorthand "~
(babel)             in language  on input line 9.
Package babel Info: Redefining ngerman shorthand "|
(babel)             in language  on input line 9.
Package babel Info: Redefining ngerman shorthand "~
(babel)             in language  on input line 9.
 [22 <./Potentialfeld_Fertig.png>]
(kapitel/einfuehrung/Konzept_Kapitelbeschreibung.tex
Package babel Info: Redefining ngerman shorthand "|
(babel)             in language  on input line 1.
Package babel Info: Redefining ngerman shorthand "~
(babel)             in language  on input line 1.
Package babel Info: Redefining ngerman shorthand "|
(babel)             in language  on input line 1.
Package babel Info: Redefining ngerman shorthand "~
(babel)             in language  on input line 1.
 [23]
chapter 4.
Package babel Info: Redefining ngerman shorthand "|
(babel)             in language  on input line 1.
Package babel Info: Redefining ngerman shorthand "~
(babel)             in language  on input line 1.

LaTeX Warning: Reference `fig:Bereich' on page 24 undefined on input line 3.


LaTeX Warning: Reference `' on page 24 undefined on input line 3.


LaTeX Warning: Reference `' on page 24 undefined on input line 3.


LaTeX Warning: Reference `' on page 24 undefined on input line 3.

<grafiken/TransportbereichKarte.png, id=452, 856.70062pt x 442.65375pt>
File: grafiken/TransportbereichKarte.png Graphic file (type png)

<use grafiken/TransportbereichKarte.png>
Package pdftex.def Info: grafiken/TransportbereichKarte.png used on input line 
6.
(pdftex.def)             Requested size: 349.97028pt x 180.82727pt.
)
(kapitel/einfuehrung/Potentialfeld_Konzept.tex
Package babel Info: Redefining ngerman shorthand "|
(babel)             in language  on input line 1.
Package babel Info: Redefining ngerman shorthand "~
(babel)             in language  on input line 1.
Package babel Info: Redefining ngerman shorthand "|
(babel)             in language  on input line 4.
Package babel Info: Redefining ngerman shorthand "~
(babel)             in language  on input line 4.
Package babel Info: Redefining ngerman shorthand "|
(babel)             in language  on input line 4.
Package babel Info: Redefining ngerman shorthand "~
(babel)             in language  on input line 4.
 [24

 <./grafiken/TransportbereichKarte.png>]
Package babel Info: Redefining ngerman shorthand "|
(babel)             in language  on input line 4.
Package babel Info: Redefining ngerman shorthand "~
(babel)             in language  on input line 4.


LaTeX Warning: Reference `' on page 25 undefined on input line 5.


LaTeX Warning: Reference `' on page 25 undefined on input line 5.


LaTeX Warning: Reference `' on page 25 undefined on input line 5.


LaTeX Warning: Reference `' on page 25 undefined on input line 6.


LaTeX Warning: Reference `' on page 25 undefined on input line 6.


LaTeX Warning: Reference `' on page 25 undefined on input line 6.


LaTeX Warning: Reference `' on page 25 undefined on input line 6.

<grafiken/Zonen_eingezeichnet.pdf, id=465, 597.23125pt x 845.1575pt>
File: grafiken/Zonen_eingezeichnet.pdf Graphic file (type pdf)

<use grafiken/Zonen_eingezeichnet.pdf>
Package pdftex.def Info: grafiken/Zonen_eingezeichnet.pdf used on input line 24
.
(pdftex.def)             Requested size: 349.97028pt x 495.25984pt.

Overfull \hbox (57.79866pt too wide) in paragraph at lines 24--25
 [][] 
 []

Package babel Info: Redefining ngerman shorthand "|
(babel)             in language  on input line 38.
Package babel Info: Redefining ngerman shorthand "~
(babel)             in language  on input line 38.
Package babel Info: Redefining ngerman shorthand "|
(babel)             in language  on input line 38.
Package babel Info: Redefining ngerman shorthand "~
(babel)             in language  on input line 38.
[25]
Package babel Info: Redefining ngerman shorthand "|
(babel)             in language  on input line 38.
Package babel Info: Redefining ngerman shorthand "~
(babel)             in language  on input line 38.
Package babel Info: Redefining ngerman shorthand "|
(babel)             in language  on input line 38.
Package babel Info: Redefining ngerman shorthand "~
(babel)             in language  on input line 38.
 [26 <./grafiken/Zonen_eingezeichnet.pdf>]
<grafiken/EinzelZonen.pdf, id=482, 597.23125pt x 845.1575pt>
File: grafiken/EinzelZonen.pdf Graphic file (type pdf)

<use grafiken/EinzelZonen.pdf>
Package pdftex.def Info: grafiken/EinzelZonen.pdf used on input line 41.
(pdftex.def)             Requested size: 218.73059pt x 309.53094pt.

<grafiken/Potentialfeld_ohne_2schraege.png, id=483, 889.07156pt x 444.15938pt>
File: grafiken/Potentialfeld_ohne_2schraege.png Graphic file (type png)

<use grafiken/Potentialfeld_ohne_2schraege.png>
Package pdftex.def Info: grafiken/Potentialfeld_ohne_2schraege.png used on inpu
t line 47.
(pdftex.def)             Requested size: 218.73059pt x 109.27068pt.

<grafiken/Potentialfeld_mit_2schraegen.png, id=484, 888.31876pt x 441.90094pt>
File: grafiken/Potentialfeld_mit_2schraegen.png Graphic file (type png)

<use grafiken/Potentialfeld_mit_2schraegen.png>
Package pdftex.def Info: grafiken/Potentialfeld_mit_2schraegen.png used on inpu
t line 53.
(pdftex.def)             Requested size: 218.73059pt x 108.80946pt.
Package babel Info: Redefining ngerman shorthand "|
(babel)             in language  on input line 58.
Package babel Info: Redefining ngerman shorthand "~
(babel)             in language  on input line 58.


LaTeX Warning: Reference `' on page 27 undefined on input line 59.

Package babel Info: Redefining ngerman shorthand "|
(babel)             in language  on input line 60.
Package babel Info: Redefining ngerman shorthand "~
(babel)             in language  on input line 60.
Package babel Info: Redefining ngerman shorthand "|
(babel)             in language  on input line 60.
Package babel Info: Redefining ngerman shorthand "~
(babel)             in language  on input line 60.
[27 <./grafiken/EinzelZonen.pdf>]

LaTeX Warning: Command \ss invalid in math mode on input line 63.

Missing character: There is no  in font cmbr8!

LaTeX Warning: Command \ss invalid in math mode on input line 63.

Missing character: There is no  in font cmbr8!
<grafiken/listen-tiny.jpg, id=510, 213.79875pt x 130.4875pt>
File: grafiken/listen-tiny.jpg Graphic file (type jpg)

<use grafiken/listen-tiny.jpg>
Package pdftex.def Info: grafiken/listen-tiny.jpg used on input line 66.
(pdftex.def)             Requested size: 218.73059pt x 133.49767pt.
Package babel Info: Redefining ngerman shorthand "|
(babel)             in language  on input line 71.
Package babel Info: Redefining ngerman shorthand "~
(babel)             in language  on input line 71.


LaTeX Warning: Reference `' on page 28 undefined on input line 72.


LaTeX Warning: Reference `' on page 28 undefined on input line 72.


LaTeX Warning: Reference `' on page 28 undefined on input line 72.

Package babel Info: Redefining ngerman shorthand "|
(babel)             in language  on input line 78.
Package babel Info: Redefining ngerman shorthand "~
(babel)             in language  on input line 78.
Package babel Info: Redefining ngerman shorthand "|
(babel)             in language  on input line 78.
Package babel Info: Redefining ngerman shorthand "~
(babel)             in language  on input line 78.
[28 <./grafiken/Potentialfeld_ohne_2schraege.png> <./grafiken/Potentialfeld_mit
_2schraegen.png>]
File: grafiken/listen-tiny.jpg Graphic file (type jpg)
 <use grafiken/listen-tiny.jpg>
Package pdftex.def Info: grafiken/listen-tiny.jpg used on input line 81.
(pdftex.def)             Requested size: 218.73059pt x 133.49767pt.
)
(kapitel/einfuehrung/konzept.tex
Package babel Info: Redefining ngerman shorthand "|
(babel)             in language  on input line 1.
Package babel Info: Redefining ngerman shorthand "~
(babel)             in language  on input line 1.

Underfull \hbox (badness 10000) in paragraph at lines 2--5

 []

Package babel Info: Redefining ngerman shorthand "|
(babel)             in language  on input line 5.
Package babel Info: Redefining ngerman shorthand "~
(babel)             in language  on input line 5.
Package babel Info: Redefining ngerman shorthand "|
(babel)             in language  on input line 5.
Package babel Info: Redefining ngerman shorthand "~
(babel)             in language  on input line 5.
[29 <./grafiken/listen-tiny.jpg>]
Package babel Info: Redefining ngerman shorthand "|
(babel)             in language  on input line 5.
Package babel Info: Redefining ngerman shorthand "~
(babel)             in language  on input line 5.

<Bilder/Lageplan.png, id=527, 590.80725pt x 308.95425pt>
File: Bilder/Lageplan.png Graphic file (type png)

<use Bilder/Lageplan.png>
Package pdftex.def Info: Bilder/Lageplan.png used on input line 11.
(pdftex.def)             Requested size: 218.73059pt x 114.38199pt.


LaTeX Warning: Reference `cha:Robo2.0' on page 30 undefined on input line 27.


Underfull \hbox (badness 10000) in paragraph at lines 7--28

 []


Underfull \hbox (badness 10000) in paragraph at lines 7--28

 []


Underfull \hbox (badness 10000) in paragraph at lines 7--28

 []


Underfull \hbox (badness 10000) in paragraph at lines 7--28

 []

Package babel Info: Redefining ngerman shorthand "|
(babel)             in language  on input line 28.
Package babel Info: Redefining ngerman shorthand "~
(babel)             in language  on input line 28.
Package babel Info: Redefining ngerman shorthand "|
(babel)             in language  on input line 28.
Package babel Info: Redefining ngerman shorthand "~
(babel)             in language  on input line 28.
[30 <./Bilder/Lageplan.png>]
Package babel Info: Redefining ngerman shorthand "|
(babel)             in language  on input line 29.
Package babel Info: Redefining ngerman shorthand "~
(babel)             in language  on input line 29.

Underfull \hbox (badness 10000) in paragraph at lines 31--35

 []

Package babel Info: Redefining ngerman shorthand "|
(babel)             in language  on input line 36.
Package babel Info: Redefining ngerman shorthand "~
(babel)             in language  on input line 36.
Package babel Info: Redefining ngerman shorthand "|
(babel)             in language  on input line 40.
Package babel Info: Redefining ngerman shorthand "~
(babel)             in language  on input line 40.
Package babel Info: Redefining ngerman shorthand "|
(babel)             in language  on input line 40.
Package babel Info: Redefining ngerman shorthand "~
(babel)             in language  on input line 40.
[31]
Package babel Info: Redefining ngerman shorthand "|
(babel)             in language  on input line 40.
Package babel Info: Redefining ngerman shorthand "~
(babel)             in language  on input line 40.
Package babel Info: Redefining ngerman shorthand "|
(babel)             in language  on input line 40.
Package babel Info: Redefining ngerman shorthand "~
(babel)             in language  on input line 40.
 [32]
Package babel Info: Redefining ngerman shorthand "|
(babel)             in language  on input line 41.
Package babel Info: Redefining ngerman shorthand "~
(babel)             in language  on input line 41.
Package babel Info: Redefining ngerman shorthand "|
(babel)             in language  on input line 44.
Package babel Info: Redefining ngerman shorthand "~
(babel)             in language  on input line 44.

Underfull \hbox (badness 10000) in paragraph at lines 45--51

 []


Underfull \hbox (badness 10000) in paragraph at lines 45--51

 []

Package babel Info: Redefining ngerman shorthand "|
(babel)             in language  on input line 51.
Package babel Info: Redefining ngerman shorthand "~
(babel)             in language  on input line 51.
Package babel Info: Redefining ngerman shorthand "|
(babel)             in language  on input line 51.
Package babel Info: Redefining ngerman shorthand "~
(babel)             in language  on input line 51.
[33]
Package babel Info: Redefining ngerman shorthand "|
(babel)             in language  on input line 52.
Package babel Info: Redefining ngerman shorthand "~
(babel)             in language  on input line 52.

<Bilder/Schnittstelle_Fertigungsplanung.png, id=549, 580.569pt x 313.77225pt>
File: Bilder/Schnittstelle_Fertigungsplanung.png Graphic file (type png)

<use Bilder/Schnittstelle_Fertigungsplanung.png>
Package pdftex.def Info: Bilder/Schnittstelle_Fertigungsplanung.png used on inp
ut line 56.
(pdftex.def)             Requested size: 262.47937pt x 141.8569pt.

Underfull \hbox (badness 10000) in paragraph at lines 53--65

 []


Underfull \hbox (badness 10000) in paragraph at lines 53--65

 []

Package babel Info: Redefining ngerman shorthand "|
(babel)             in language  on input line 65.
Package babel Info: Redefining ngerman shorthand "~
(babel)             in language  on input line 65.
Package babel Info: Redefining ngerman shorthand "|
(babel)             in language  on input line 65.
Package babel Info: Redefining ngerman shorthand "~
(babel)             in language  on input line 65.
[34 <./Bilder/Schnittstelle_Fertigungsplanung.png>]
Package babel Info: Redefining ngerman shorthand "|
(babel)             in language  on input line 67.
Package babel Info: Redefining ngerman shorthand "~
(babel)             in language  on input line 67.
)
(kapitel/einfuehrung/Simulation.tex
Package babel Info: Redefining ngerman shorthand "|
(babel)             in language  on input line 1.
Package babel Info: Redefining ngerman shorthand "~
(babel)             in language  on input line 1.
Package babel Info: Redefining ngerman shorthand "|
(babel)             in language  on input line 1.
Package babel Info: Redefining ngerman shorthand "~
(babel)             in language  on input line 1.
 [35]
chapter 5.
Package babel Info: Redefining ngerman shorthand "|
(babel)             in language  on input line 1.
Package babel Info: Redefining ngerman shorthand "~
(babel)             in language  on input line 1.

LaTeX Warning: Reference `' on page 36 undefined on input line 2.

Package babel Info: Redefining ngerman shorthand "|
(babel)             in language  on input line 3.
Package babel Info: Redefining ngerman shorthand "~
(babel)             in language  on input line 3.
<grafiken/SimulationAusweich.pdf, id=565, 597.23125pt x 845.1575pt>
File: grafiken/SimulationAusweich.pdf Graphic file (type pdf)

<use grafiken/SimulationAusweich.pdf>
Package pdftex.def Info: grafiken/SimulationAusweich.pdf used on input line 7.
(pdftex.def)             Requested size: 218.73059pt x 309.53094pt.
Package babel Info: Redefining ngerman shorthand "|
(babel)             in language  on input line 10.
Package babel Info: Redefining ngerman shorthand "~
(babel)             in language  on input line 10.
Package babel Info: Redefining ngerman shorthand "|
(babel)             in language  on input line 10.
Package babel Info: Redefining ngerman shorthand "~
(babel)             in language  on input line 10.
 [36

]
<grafiken/Simulation_ohne_Ausweich.pdf, id=571, 597.23125pt x 845.1575pt>
File: grafiken/Simulation_ohne_Ausweich.pdf Graphic file (type pdf)

<use grafiken/Simulation_ohne_Ausweich.pdf>
Package pdftex.def Info: grafiken/Simulation_ohne_Ausweich.pdf used on input li
ne 15.
(pdftex.def)             Requested size: 218.73059pt x 309.53094pt.
Package babel Info: Redefining ngerman shorthand "|
(babel)             in language  on input line 19.
Package babel Info: Redefining ngerman shorthand "~
(babel)             in language  on input line 19.
)
(kapitel/einfuehrung/implementierung.tex
Package babel Info: Redefining ngerman shorthand "|
(babel)             in language  on input line 1.
Package babel Info: Redefining ngerman shorthand "~
(babel)             in language  on input line 1.
Package babel Info: Redefining ngerman shorthand "|
(babel)             in language  on input line 1.
Package babel Info: Redefining ngerman shorthand "~
(babel)             in language  on input line 1.
 [37 <./grafiken/SimulationAusweich.pdf>]
Package babel Info: Redefining ngerman shorthand "|
(babel)             in language  on input line 1.
Package babel Info: Redefining ngerman shorthand "~
(babel)             in language  on input line 1.
Package babel Info: Redefining ngerman shorthand "|
(babel)             in language  on input line 1.
Package babel Info: Redefining ngerman shorthand "~
(babel)             in language  on input line 1.
 [38 <./grafiken/Simulation_ohne_Ausweich.pdf>]
chapter 6.
Package babel Info: Redefining ngerman shorthand "|
(babel)             in language  on input line 1.
Package babel Info: Redefining ngerman shorthand "~
(babel)             in language  on input line 1.

Underfull \hbox (badness 10000) in paragraph at lines 3--5

 []


! LaTeX Error: Unknown float option `H'.

See the LaTeX manual or LaTeX Companion for explanation.
Type  H <return>  for immediate help.
 ...                                              
                                                  
l.6 \begin{figure}[H]
                     
? 
<Bilder/Bahnplanung.png, id=595, 1267.73625pt x 573.14125pt>
File: Bilder/Bahnplanung.png Graphic file (type png)

<use Bilder/Bahnplanung.png>
Package pdftex.def Info: Bilder/Bahnplanung.png used on input line 8.
(pdftex.def)             Requested size: 393.71239pt x 177.99553pt.

Underfull \hbox (badness 10000) in paragraph at lines 12--16

 []


Underfull \hbox (badness 10000) in paragraph at lines 12--16

 []

Package babel Info: Redefining ngerman shorthand "|
(babel)             in language  on input line 17.
Package babel Info: Redefining ngerman shorthand "~
(babel)             in language  on input line 17.
Package babel Info: Redefining ngerman shorthand "|
(babel)             in language  on input line 20.
Package babel Info: Redefining ngerman shorthand "~
(babel)             in language  on input line 20.

Underfull \hbox (badness 10000) in paragraph at lines 22--25

 []


Underfull \hbox (badness 10000) in paragraph at lines 22--25

 []


! LaTeX Error: Unknown float option `H'.

See the LaTeX manual or LaTeX Companion for explanation.
Type  H <return>  for immediate help.
 ...                                              
                                                  
l.26 \begin{figure}[H]
                      
? 
<Bilder/FIFO_Steuerung.png, id=598, 441.65pt x 524.96124pt>
File: Bilder/FIFO_Steuerung.png Graphic file (type png)

<use Bilder/FIFO_Steuerung.png>
Package pdftex.def Info: Bilder/FIFO_Steuerung.png used on input line 28.
(pdftex.def)             Requested size: 174.9818pt x 207.98622pt.

Underfull \hbox (badness 10000) in paragraph at lines 32--36

 []

Package babel Info: Redefining ngerman shorthand "|
(babel)             in language  on input line 36.
Package babel Info: Redefining ngerman shorthand "~
(babel)             in language  on input line 36.
Package babel Info: Redefining ngerman shorthand "|
(babel)             in language  on input line 36.
Package babel Info: Redefining ngerman shorthand "~
(babel)             in language  on input line 36.
[39

]
Package babel Info: Redefining ngerman shorthand "|
(babel)             in language  on input line 36.
Package babel Info: Redefining ngerman shorthand "~
(babel)             in language  on input line 36.
Package babel Info: Redefining ngerman shorthand "|
(babel)             in language  on input line 36.
Package babel Info: Redefining ngerman shorthand "~
(babel)             in language  on input line 36.
 [40 <./Bilder/Bahnplanung.png> <./Bilder/FIFO_Steuerung.png>]
Underfull \hbox (badness 10000) in paragraph at lines 39--42

 []

Package babel Info: Redefining ngerman shorthand "|
(babel)             in language  on input line 43.
Package babel Info: Redefining ngerman shorthand "~
(babel)             in language  on input line 43.
Package babel Info: Redefining ngerman shorthand "|
(babel)             in language  on input line 43.
Package babel Info: Redefining ngerman shorthand "~
(babel)             in language  on input line 43.
[41]
LaTeX Font Info:    Font shape `T1/phv/m/n' will be
(Font)              scaled to size 9.85492pt on input line 44.

Overfull \hbox (23.75357pt too wide) in paragraph at lines 45--46
[][][][][][][][][][][][][][][][][][][][][] 
 []


Overfull \hbox (100.6227pt too wide) in paragraph at lines 52--53
[][][][][][][][][][][][][][][][][][][][][][][][][][][][][][][][] 
 []


Underfull \hbox (badness 10000) in paragraph at lines 72--75

 []


Underfull \hbox (badness 10000) in paragraph at lines 72--75

 []


Underfull \hbox (badness 10000) in paragraph at lines 76--79

 []

Package babel Info: Redefining ngerman shorthand "|
(babel)             in language  on input line 79.
Package babel Info: Redefining ngerman shorthand "~
(babel)             in language  on input line 79.
Package babel Info: Redefining ngerman shorthand "|
(babel)             in language  on input line 79.
Package babel Info: Redefining ngerman shorthand "~
(babel)             in language  on input line 79.
[42]
Package babel Info: Redefining ngerman shorthand "|
(babel)             in language  on input line 80.
Package babel Info: Redefining ngerman shorthand "~
(babel)             in language  on input line 80.

! Undefined control sequence.
l.84 ...gt ein anderer Robotino innerhalb von \ang
                                                  {30} zum Zeilvektor wird e...

? 
! Undefined control sequence.
l.89 ...Zielvektors zum Ziel ausgerechnet und \ang
                                                  {90} addiert.
? 
! Undefined control sequence.
l.90 Solange eine Strposition innerhalb der \ang
                                                 {30} liegen bleibt der Ausw...

? 
Package babel Info: Redefining ngerman shorthand "|
(babel)             in language  on input line 92.
Package babel Info: Redefining ngerman shorthand "~
(babel)             in language  on input line 92.

Underfull \hbox (badness 10000) in paragraph at lines 94--95

 []

LaTeX Font Info:    Font shape `OMS/phv/m/n' in size <10.95> not available
(Font)              Font shape `OMS/cmsy/m/n' tried instead on input line 98.

Overfull \hbox (6.01454pt too wide) in paragraph at lines 98--99
[][][][][][][][][][][][][][][][][][][][][][] 
 []

Package babel Info: Redefining ngerman shorthand "|
(babel)             in language  on input line 99.
Package babel Info: Redefining ngerman shorthand "~
(babel)             in language  on input line 99.
Package babel Info: Redefining ngerman shorthand "|
(babel)             in language  on input line 99.
Package babel Info: Redefining ngerman shorthand "~
(babel)             in language  on input line 99.
[43]
Overfull \hbox (6.01454pt too wide) in paragraph at lines 99--100
[][][][][][][][][][][][][][][][][][][][][][] 
 []

) (kapitel/einfuehrung/Geschwindigkeit_bestimmen.tex
Package babel Info: Redefining ngerman shorthand "|
(babel)             in language  on input line 1.
Package babel Info: Redefining ngerman shorthand "~
(babel)             in language  on input line 1.


LaTeX Warning: Reference `fig:UDPGW1' on page 44 undefined on input line 2.


LaTeX Warning: Reference `' on page 44 undefined on input line 2.

<grafiken/Geschwindigkeit_bestimmen.png, id=657, 533.995pt x 588.1975pt>
File: grafiken/Geschwindigkeit_bestimmen.png Graphic file (type png)

<use grafiken/Geschwindigkeit_bestimmen.png>
Package pdftex.def Info: grafiken/Geschwindigkeit_bestimmen.png used on input l
ine 4.
(pdftex.def)             Requested size: 218.73059pt x 240.92918pt.
Package babel Info: Redefining ngerman shorthand "|
(babel)             in language  on input line 9.
Package babel Info: Redefining ngerman shorthand "~
(babel)             in language  on input line 9.


LaTeX Warning: Reference `' on page 44 undefined on input line 10.

File: grafiken/Geschwindigkeit_bestimmen.png Graphic file (type png)
<use grafiken/Geschwindigkeit_bestimmen.png>
Package pdftex.def Info: grafiken/Geschwindigkeit_bestimmen.png used on input l
ine 13.
(pdftex.def)             Requested size: 218.73059pt x 240.92918pt.
Package babel Info: Redefining ngerman shorthand "|
(babel)             in language  on input line 18.
Package babel Info: Redefining ngerman shorthand "~
(babel)             in language  on input line 18.
Package babel Info: Redefining ngerman shorthand "|
(babel)             in language  on input line 21.
Package babel Info: Redefining ngerman shorthand "~
(babel)             in language  on input line 21.
Package babel Info: Redefining ngerman shorthand "|
(babel)             in language  on input line 21.
Package babel Info: Redefining ngerman shorthand "~
(babel)             in language  on input line 21.
 [44 <./grafiken/Geschwindigkeit_bestimmen.png>]
Package babel Info: Redefining ngerman shorthand "|
(babel)             in language  on input line 21.
Package babel Info: Redefining ngerman shorthand "~
(babel)             in language  on input line 21.


LaTeX Warning: Reference `fig:Auftrag' on page 45 undefined on input line 22.

Package babel Info: Redefining ngerman shorthand "|
(babel)             in language  on input line 23.
Package babel Info: Redefining ngerman shorthand "~
(babel)             in language  on input line 23.
Package babel Info: Redefining ngerman shorthand "|
(babel)             in language  on input line 23.
Package babel Info: Redefining ngerman shorthand "~
(babel)             in language  on input line 23.
[45]
File: grafiken/Geschwindigkeit_bestimmen.png Graphic file (type png)
 <use grafiken/Geschwindigkeit_bestimmen.png>
Package pdftex.def Info: grafiken/Geschwindigkeit_bestimmen.png used on input l
ine 25.
(pdftex.def)             Requested size: 218.73059pt x 240.92918pt.
Package babel Info: Redefining ngerman shorthand "|
(babel)             in language  on input line 31.
Package babel Info: Redefining ngerman shorthand "~
(babel)             in language  on input line 31.
Package babel Info: Redefining ngerman shorthand "|
(babel)             in language  on input line 34.
Package babel Info: Redefining ngerman shorthand "~
(babel)             in language  on input line 34.


LaTeX Warning: Reference `' on page 46 undefined on input line 35.


LaTeX Warning: Reference `' on page 46 undefined on input line 35.


LaTeX Warning: Reference `' on page 46 undefined on input line 35.


LaTeX Warning: Reference `' on page 46 undefined on input line 35.


LaTeX Warning: Reference `' on page 46 undefined on input line 35.

Package babel Info: Redefining ngerman shorthand "|
(babel)             in language  on input line 36.
Package babel Info: Redefining ngerman shorthand "~
(babel)             in language  on input line 36.
Package babel Info: Redefining ngerman shorthand "|
(babel)             in language  on input line 36.
Package babel Info: Redefining ngerman shorthand "~
(babel)             in language  on input line 36.
[46]
File: grafiken/Geschwindigkeit_bestimmen.png Graphic file (type png)
 <use grafiken/Geschwindigkeit_bestimmen.png>
Package pdftex.def Info: grafiken/Geschwindigkeit_bestimmen.png used on input l
ine 38.
(pdftex.def)             Requested size: 218.73059pt x 240.92918pt.
File: grafiken/Geschwindigkeit_bestimmen.png Graphic file (type png)

<use grafiken/Geschwindigkeit_bestimmen.png>
Package pdftex.def Info: grafiken/Geschwindigkeit_bestimmen.png used on input l
ine 44.
(pdftex.def)             Requested size: 218.73059pt x 240.92918pt.
Package babel Info: Redefining ngerman shorthand "|
(babel)             in language  on input line 49.
Package babel Info: Redefining ngerman shorthand "~
(babel)             in language  on input line 49.
Package babel Info: Redefining ngerman shorthand "|
(babel)             in language  on input line 52.
Package babel Info: Redefining ngerman shorthand "~
(babel)             in language  on input line 52.
Package babel Info: Redefining ngerman shorthand "|
(babel)             in language  on input line 55.
Package babel Info: Redefining ngerman shorthand "~
(babel)             in language  on input line 55.
Package babel Info: Redefining ngerman shorthand "|
(babel)             in language  on input line 55.
Package babel Info: Redefining ngerman shorthand "~
(babel)             in language  on input line 55.
 [47]
Package babel Info: Redefining ngerman shorthand "|
(babel)             in language  on input line 55.
Package babel Info: Redefining ngerman shorthand "~
(babel)             in language  on input line 55.


LaTeX Warning: Reference `' on page 48 undefined on input line 56.


LaTeX Warning: Reference `' on page 48 undefined on input line 56.


LaTeX Warning: Reference `' on page 48 undefined on input line 56.


LaTeX Warning: Reference `' on page 48 undefined on input line 56.


LaTeX Warning: Reference `' on page 48 undefined on input line 56.


LaTeX Warning: Reference `' on page 48 undefined on input line 56.


LaTeX Warning: Reference `' on page 48 undefined on input line 56.


LaTeX Warning: Reference `' on page 48 undefined on input line 56.


LaTeX Warning: Reference `' on page 48 undefined on input line 56.


LaTeX Warning: Reference `' on page 48 undefined on input line 56.


LaTeX Warning: Reference `' on page 48 undefined on input line 56.


LaTeX Warning: Reference `' on page 48 undefined on input line 56.

Package babel Info: Redefining ngerman shorthand "|
(babel)             in language  on input line 57.
Package babel Info: Redefining ngerman shorthand "~
(babel)             in language  on input line 57.
Package babel Info: Redefining ngerman shorthand "|
(babel)             in language  on input line 57.
Package babel Info: Redefining ngerman shorthand "~
(babel)             in language  on input line 57.
[48]
Overfull \hbox (48.86546pt too wide) in paragraph at lines 79--79
[] 
 []

Package babel Info: Redefining ngerman shorthand "|
(babel)             in language  on input line 79.
Package babel Info: Redefining ngerman shorthand "~
(babel)             in language  on input line 79.
Package babel Info: Redefining ngerman shorthand "|
(babel)             in language  on input line 79.
Package babel Info: Redefining ngerman shorthand "~
(babel)             in language  on input line 79.
[49]
Overfull \vbox (264.74532pt too high) has occurred while \output is active []

Package babel Info: Redefining ngerman shorthand "|
(babel)             in language  on input line 79.
Package babel Info: Redefining ngerman shorthand "~
(babel)             in language  on input line 79.
Package babel Info: Redefining ngerman shorthand "|
(babel)             in language  on input line 79.
Package babel Info: Redefining ngerman shorthand "~
(babel)             in language  on input line 79.

[50]
Package babel Info: Redefining ngerman shorthand "|
(babel)             in language  on input line 81.
Package babel Info: Redefining ngerman shorthand "~
(babel)             in language  on input line 81.

! Missing { inserted.
<to be read again> 
                   \begingroup 
l.82 ...Winkel zum Robotino bestimmt und um \(90^
                                                  \) erhht. Zustzlich wird...

? 

LaTeX Warning: Command \textdegree invalid in math mode on input line 82.

! Missing } inserted.
<inserted text> 
                }
l.82 ...nkel zum Robotino bestimmt und um \(90^\)
                                                   erhht. Zustzlich wird i...

? 
Package babel Info: Redefining ngerman shorthand "|
(babel)             in language  on input line 84.
Package babel Info: Redefining ngerman shorthand "~
(babel)             in language  on input line 84.

LaTeX Warning: Reference `' on page 51 undefined on input line 86.

Package babel Info: Redefining ngerman shorthand "|
(babel)             in language  on input line 88.
Package babel Info: Redefining ngerman shorthand "~
(babel)             in language  on input line 88.
Package babel Info: Redefining ngerman shorthand "|
(babel)             in language  on input line 93.
Package babel Info: Redefining ngerman shorthand "~
(babel)             in language  on input line 93.
Package babel Info: Redefining ngerman shorthand "|
(babel)             in language  on input line 93.
Package babel Info: Redefining ngerman shorthand "~
(babel)             in language  on input line 93.
[51] <grafiken/KommunikationGewerk3.pdf, id=730, 845.1575pt x 597.23125pt>
File: grafiken/KommunikationGewerk3.pdf Graphic file (type pdf)

<use grafiken/KommunikationGewerk3.pdf>
Package pdftex.def Info: grafiken/KommunikationGewerk3.pdf used on input line 9
5.
(pdftex.def)             Requested size: 437.46118pt x 309.1404pt.
Package babel Info: Redefining ngerman shorthand "|
(babel)             in language  on input line 100.
Package babel Info: Redefining ngerman shorthand "~
(babel)             in language  on input line 100.
Package babel Info: Redefining ngerman shorthand "|
(babel)             in language  on input line 103.
Package babel Info: Redefining ngerman shorthand "~
(babel)             in language  on input line 103.
Package babel Info: Redefining ngerman shorthand "|
(babel)             in language  on input line 105.
Package babel Info: Redefining ngerman shorthand "~
(babel)             in language  on input line 105.
Package babel Info: Redefining ngerman shorthand "|
(babel)             in language  on input line 105.
Package babel Info: Redefining ngerman shorthand "~
(babel)             in language  on input line 105.
 [52 <./grafiken/KommunikationGewerk3.pdf, page is rotated 90 degrees>]
Package babel Info: Redefining ngerman shorthand "|
(babel)             in language  on input line 106.
Package babel Info: Redefining ngerman shorthand "~
(babel)             in language  on input line 106.


LaTeX Warning: Reference `' on page 53 undefined on input line 107.

Package babel Info: Redefining ngerman shorthand "|
(babel)             in language  on input line 109.
Package babel Info: Redefining ngerman shorthand "~
(babel)             in language  on input line 109.

LaTeX Warning: Reference `' on page 53 undefined on input line 110.


LaTeX Warning: Reference `' on page 53 undefined on input line 110.


LaTeX Warning: Reference `' on page 53 undefined on input line 110.

) (kapitel/einfuehrung/Robotino2.tex
Package babel Info: Redefining ngerman shorthand "|
(babel)             in language  on input line 1.
Package babel Info: Redefining ngerman shorthand "~
(babel)             in language  on input line 1.
Package babel Info: Redefining ngerman shorthand "|
(babel)             in language  on input line 1.
Package babel Info: Redefining ngerman shorthand "~
(babel)             in language  on input line 1.
 [53]
chapter 7.
Package babel Info: Redefining ngerman shorthand "|
(babel)             in language  on input line 1.
Package babel Info: Redefining ngerman shorthand "~
(babel)             in language  on input line 1.
)
Package babel Info: Redefining ngerman shorthand "|
(babel)             in language  on input line 34.
Package babel Info: Redefining ngerman shorthand "~
(babel)             in language  on input line 34.
Package babel Info: Redefining ngerman shorthand "|
(babel)             in language  on input line 34.
Package babel Info: Redefining ngerman shorthand "~
(babel)             in language  on input line 34.
 [54

]
chapter 8.
Package babel Info: Redefining ngerman shorthand "|
(babel)             in language  on input line 34.
Package babel Info: Redefining ngerman shorthand "~
(babel)             in language  on input line 34.
) (kapitel/hauptteil/hauptteil.tex
Package babel Info: Redefining ngerman shorthand "|
(babel)             in language  on input line 4.
Package babel Info: Redefining ngerman shorthand "~
(babel)             in language  on input line 4.
Package babel Info: Redefining ngerman shorthand "|
(babel)             in language  on input line 4.
Package babel Info: Redefining ngerman shorthand "~
(babel)             in language  on input line 4.
 [55

]) (literatur/literatur.tex

Package natbib Warning: Citation `Guenther:2002' undefined on input line 3.


Package natbib Warning: Citation `Lamport:1995' undefined on input line 4.


Package natbib Warning: Citation `Goossens:2000' undefined on input line 5.


Package natbib Warning: Citation `Kohm:2003' undefined on input line 6.


Package natbib Warning: Citation `Hunt:2003' undefined on input line 7.


Package natbib Warning: Citation `Boehm:2002' undefined on input line 8.


Package natbib Warning: Citation `Schmatz:2004' undefined on input line 9.


Package natbib Warning: Citation `Streitz:2005' undefined on input line 10.


Package natbib Warning: Citation `HP:2004' undefined on input line 11.


Package natbib Warning: Citation `Luede:2004' undefined on input line 12.


Package natbib Warning: Citation `Demarco:1999' undefined on input line 13.


Package natbib Warning: Citation `Kollakowski:2004' undefined on input line 14.



Package natbib Warning: Citation `Dawson:2003' undefined on input line 15.


Package natbib Warning: Citation `Poenicke:1988' undefined on input line 16.


Package natbib Warning: Citation `Kruse:2000' undefined on input line 17.


Package natbib Warning: Citation `Nilsson:1998' undefined on input line 18.


Package natbib Warning: Citation `Heinsohn:1999' undefined on input line 19.


Package natbib Warning: Citation `Luger:2001' undefined on input line 20.


Package natbib Warning: Citation `Kuehnel:2001' undefined on input line 21.


Package natbib Warning: Citation `Bigus:2001' undefined on input line 22.


Package natbib Warning: Citation `Ferber:2001' undefined on input line 23.


Package natbib Warning: Citation `Wooldridge:2002' undefined on input line 24.


Package natbib Warning: Citation `KuroseRoss:2002' undefined on input line 25.


Package natbib Warning: Citation `Vogt:2001' undefined on input line 26.


Package natbib Warning: Citation `Roetzer:1999' undefined on input line 27.


Package natbib Warning: Citation `P3P:2004' undefined on input line 28.


Package natbib Warning: Citation `CPEX:2004' undefined on input line 29.


Package natbib Warning: Citation `Duden:1997' undefined on input line 30.


Package natbib Warning: Citation `Hoerauf:2001' undefined on input line 31.


Package natbib Warning: Citation `Schirru:2004' undefined on input line 32.


Package natbib Warning: Citation `Babic:2003' undefined on input line 33.


Package natbib Warning: Citation `Luepke:2004' undefined on input line 34.

)
No file thesis3.nls.
No file thesis3.ind.

Overfull \hbox (10.79993pt too wide) in paragraph at lines 113--113
[][] 
 []


Package natbib Warning: There were undefined citations.

Package atveryend Info: Empty hook `BeforeClearDocument' on input line 118.
Package babel Info: Redefining ngerman shorthand "|
(babel)             in language  on input line 118.
Package babel Info: Redefining ngerman shorthand "~
(babel)             in language  on input line 118.
Package babel Info: Redefining ngerman shorthand "|
(babel)             in language  on input line 118.
Package babel Info: Redefining ngerman shorthand "~
(babel)             in language  on input line 118.
[56

]
Package atveryend Info: Empty hook `AfterLastShipout' on input line 118.
 (thesis3.aux)
Package atveryend Info: Executing hook `AtVeryEndDocument' on input line 118.
Package atveryend Info: Executing hook `AtEndAfterFileList' on input line 118.


Package rerunfilecheck Warning: File `thesis3.out' has changed.
(rerunfilecheck)                Rerun to get outlines right
(rerunfilecheck)                or use package `bookmark'.

Package rerunfilecheck Info: Checksums for `thesis3.out':
(rerunfilecheck)             Before: 2D4CB67562116F0DD8D713475EF1AE32;3408
(rerunfilecheck)             After:  2E363C169422BDB29E9DD24BC43CC098;3796.

LaTeX Warning: There were undefined references.


LaTeX Warning: Label(s) may have changed. Rerun to get cross-references right.

Package atveryend Info: Empty hook `AtVeryVeryEnd' on input line 118.
 ) 
Here is how much of TeX's memory you used:
 13094 strings out of 493634
 195106 string characters out of 3143744
 365707 words of memory out of 3000000
 15923 multiletter control sequences out of 15000+200000
 48279 words of font info for 78 fonts, out of 3000000 for 9000
 1031 hyphenation exceptions out of 8191
 45i,18n,66p,2254b,1943s stack positions out of 5000i,500n,10000p,200000b,50000s
pdfTeX warning (dest): name{subsection.6.5.5} has been referenced but does no
t exist, replaced by a fixed one

pdfTeX warning (dest): name{subsection.6.5.4} has been referenced but does not 
exist, replaced by a fixed one

pdfTeX warning (dest): name{subsection.6.5.3} has been referenced but does not 
exist, replaced by a fixed one

pdfTeX warning (dest): name{subsection.6.5.2} has been referenced but does not 
exist, replaced by a fixed one

pdfTeX warning (dest): name{subsection.6.5.1} has been referenced but does not 
exist, replaced by a fixed one

 <C:\Users\Robin\AppData\Local\MiKTeX\2.9\fonts\pk\ljfour\public\cmbright\dpi65
7\cmbrsy10.pk> <C:\Users\Robin\AppData\Local\MiKTeX\2.9\fonts\pk\ljfour\public\
cmbright\dpi450\cmbr8.pk> <C:\Users\Robin\AppData\Local\MiKTeX\2.9\fonts\pk\ljf
our\public\cmbright\dpi450\cmbrsy8.pk> <C:\Users\Robin\AppData\Local\MiKTeX\2.9
\fonts\pk\ljfour\public\cmbright\dpi450\cmbrmi8.pk> <C:\Users\Robin\AppData\Loc
al\MiKTeX\2.9\fonts\pk\ljfour\public\cmbright\dpi600\cmbrsy8.pk> <C:\Users\Robi
n\AppData\Local\MiKTeX\2.9\fonts\pk\ljfour\public\cmbright\dpi720\cmbr10.pk> <C
:\Users\Robin\AppData\Local\MiKTeX\2.9\fonts\pk\ljfour\public\cmbright\dpi600\c
mbrmi8.pk> <C:\Users\Robin\AppData\Local\MiKTeX\2.9\fonts\pk\ljfour\public\cmbr
ight\dpi720\cmbrmi10.pk> <C:\Users\Robin\AppData\Local\MiKTeX\2.9\fonts\pk\ljfo
ur\public\cmbright\dpi720\cmbrsy10.pk> <C:\Users\Robin\AppData\Local\MiKTeX\2.9
\fonts\pk\ljfour\public\cmbright\dpi600\cmbr8.pk>{C:/Program Files/MiKTeX 2.9/f
onts/enc/dvips/fontname/8r.enc} <C:\Users\Robin\AppData\Local\MiKTeX\2.9\fonts\
pk\ljfour\public\cmbright\dpi672\cmbr10.pk><C:/Program Files/MiKTeX 2.9/fonts/t
ype1/public/amsfonts/cm/cmex10.pfb><C:/Program Files/MiKTeX 2.9/fonts/type1/pub
lic/amsfonts/cm/cmsy10.pfb><C:/Program Files/MiKTeX 2.9/fonts/type1/urw/helveti
c/uhvb8a.pfb><C:/Program Files/MiKTeX 2.9/fonts/type1/urw/helvetic/uhvr8a.pfb><
C:/Program Files/MiKTeX 2.9/fonts/type1/urw/helvetic/uhvro8a.pfb>
Output written on thesis3.pdf (56 pages, 4505128 bytes).
PDF statistics:
 987 PDF objects out of 1000 (max. 8388607)
 225 named destinations out of 1000 (max. 500000)
 504 words of extra memory for PDF output out of 10000 (max. 10000000)

